-1.243749999999999994e-01 1.102807896560000205e-03
-1.237499999999999989e-01 1.103239292860000139e-03
-1.231249999999999983e-01 1.103830307340000110e-03
-1.224999999999999978e-01 1.104721339730000123e-03
-1.218749999999999972e-01 1.105911070640000146e-03
-1.212499999999999967e-01 1.107375953520000223e-03
-1.206249999999999961e-01 1.109154204020000112e-03
-1.199999999999999956e-01 1.111213138870000136e-03
-1.193750000000000089e-01 1.113522294750000051e-03
-1.187500000000000083e-01 1.116083727790000060e-03
-1.181250000000000078e-01 1.118918390590000009e-03
-1.175000000000000072e-01 1.122031738059999948e-03
-1.168750000000000067e-01 1.125416716079999943e-03
-1.162500000000000061e-01 1.129058813910000002e-03
-1.156250000000000056e-01 1.132990682560000009e-03
-1.150000000000000050e-01 1.137212322020000150e-03
-1.143750000000000044e-01 1.141699523540000124e-03
-1.137500000000000039e-01 1.146460726400000017e-03
-1.131250000000000033e-01 1.151495930610000077e-03
-1.125000000000000028e-01 1.156822145890000009e-03
-1.118750000000000022e-01 1.162435803110000018e-03
-1.112500000000000017e-01 1.168333670730000102e-03
-1.106250000000000011e-01 1.174517635600000071e-03
-1.100000000000000006e-01 1.180994468750000068e-03
-1.093750000000000000e-01 1.187764762279999980e-03
-1.087499999999999994e-01 1.194826096559999974e-03
-1.081249999999999989e-01 1.202177445960000068e-03
-1.074999999999999983e-01 1.209822518880000102e-03
-1.068749999999999978e-01 1.217762409680000048e-03
-1.062499999999999972e-01 1.226002188240000101e-03
-1.056249999999999967e-01 1.234538668130000195e-03
-1.049999999999999961e-01 1.243371849350000113e-03
-1.043749999999999956e-01 1.252548606790000003e-03
-1.037500000000000089e-01 1.262035607070000065e-03
-1.031250000000000083e-01 1.271832850200000113e-03
-1.025000000000000078e-01 1.281908625450000174e-03
-1.018750000000000072e-01 1.292283345780000092e-03
-1.012500000000000067e-01 1.302964564410000062e-03
-1.006250000000000061e-01 1.313964831210000066e-03
-1.000000000000000056e-01 1.325286816909999887e-03
-9.937500000000000500e-02 1.336923868440000095e-03
-9.875000000000000444e-02 1.348884687660000187e-03
-9.812500000000000389e-02 1.361198331490000041e-03
-9.750000000000000333e-02 1.373862335400000091e-03
-9.687500000000000278e-02 1.386870874700000048e-03
-9.625000000000000222e-02 1.400199615830000251e-03
-9.562500000000000167e-02 1.413867284530000113e-03
-9.500000000000000111e-02 1.427873880780000009e-03
-9.437500000000000056e-02 1.442236638209999991e-03
-9.375000000000000000e-02 1.456940541780000088e-03
-9.312499999999999944e-02 1.471985591510000142e-03
-9.249999999999999889e-02 1.487362706170000182e-03
-9.187499999999999833e-02 1.503088109749999967e-03
-9.124999999999999778e-02 1.519165118450000081e-03
-9.062499999999999722e-02 1.535607219839999968e-03
-8.999999999999999667e-02 1.552424147290000023e-03
-8.937499999999999611e-02 1.569610466360000026e-03
-8.874999999999999556e-02 1.587163771070000109e-03
-8.812499999999999500e-02 1.605078257420000046e-03
-8.750000000000000833e-02 1.623355562580000100e-03
-8.687500000000000777e-02 1.641993999780000119e-03
-8.625000000000000722e-02 1.660989968659999953e-03
-8.562500000000000666e-02 1.680351189610000294e-03
-8.500000000000000611e-02 1.700077662629999840e-03
-8.437500000000000555e-02 1.720159892830000221e-03
-8.375000000000000500e-02 1.740620841309999979e-03
-8.312500000000000444e-02 1.761460508060000169e-03
-8.250000000000000389e-02 1.782689382679999946e-03
-8.187500000000000333e-02 1.804277897880000132e-03
-8.125000000000000278e-02 1.826221020150000209e-03
-8.062500000000000222e-02 1.848535931160000126e-03
-8.000000000000000167e-02 1.871211658249999875e-03
-7.937500000000000111e-02 1.894235435610000084e-03
-7.875000000000000056e-02 1.917602788970000031e-03
-7.812500000000000000e-02 1.941293266370000244e-03
-7.749999999999999944e-02 1.965305772839999986e-03
-7.687499999999999889e-02 1.989636055720000150e-03
-7.624999999999999833e-02 2.014256956150000180e-03
-7.562499999999999778e-02 2.039175884090000269e-03
-7.499999999999999722e-02 2.064392839539999983e-03
-7.437499999999999667e-02 2.089902941220000195e-03
-7.374999999999999611e-02 2.115664925560000343e-03
-7.312499999999999556e-02 2.141678792580000053e-03
-7.249999999999999500e-02 2.167965014710000141e-03
-7.187500000000000833e-02 2.194413762340000247e-03
-7.125000000000000777e-02 2.221009420120000338e-03
-7.062500000000000722e-02 2.247718744540000077e-03
-7.000000000000000666e-02 2.274505203589999910e-03
-6.937500000000000611e-02 2.301379056340000038e-03
-6.875000000000000555e-02 2.328350852790000373e-03
-6.812500000000000500e-02 2.355314641450000166e-03
-6.750000000000000444e-02 2.382206928849999947e-03
-6.687500000000000389e-02 2.409016254230000268e-03
-6.625000000000000333e-02 2.435581540930000042e-03
-6.562500000000000278e-02 2.461864169020000059e-03
-6.500000000000000222e-02 2.487864138510000132e-03
-6.437500000000000167e-02 2.513536976030000120e-03
-6.375000000000000111e-02 2.538733488860000272e-03
-6.312500000000000056e-02 2.563453677020000217e-03
-6.250000000000000000e-02 2.587629639730000021e-03
-6.187499999999999944e-02 2.610880090670000039e-03
-6.124999999999999889e-02 2.633173981470000261e-03
-6.062499999999999833e-02 2.654518369930000069e-03
-5.999999999999999778e-02 2.674673625930000347e-03
-5.937500000000000416e-02 2.693575724910000219e-03
-5.875000000000000361e-02 2.711148495540000123e-03
-5.812500000000000305e-02 2.726851018689999823e-03
-5.750000000000000250e-02 2.740582051279999865e-03
-5.687500000000000194e-02 2.752337259760000501e-03
-5.625000000000000139e-02 2.761690400279999923e-03
-5.562500000000000083e-02 2.768383311450000033e-03
-5.500000000000000028e-02 2.772415993280000213e-03
-5.437499999999999972e-02 2.771441655279999888e-03
-5.374999999999999917e-02 2.768518641280000216e-03
-5.312499999999999861e-02 2.763646951290000143e-03
-5.249999999999999806e-02 2.753736916750000249e-03
-5.187500000000000444e-02 2.738306008290000010e-03
-5.125000000000000389e-02 2.717815556300000150e-03
-5.062500000000000333e-02 2.692219147150000120e-03
-5.000000000000000278e-02 2.660424645380000085e-03
-4.937500000000000222e-02 2.622186091760000080e-03
-4.875000000000000167e-02 2.577450264329999956e-03
-4.812500000000000111e-02 2.525164297050000364e-03
-4.750000000000000056e-02 2.464968199200000352e-03
-4.687500000000000000e-02 2.396680070149999949e-03
-4.624999999999999944e-02 2.318245959690000239e-03
-4.562499999999999889e-02 2.229387971520000074e-03
-4.499999999999999833e-02 2.130106105639999886e-03
-4.437499999999999778e-02 2.020230726930000165e-03
-4.375000000000000416e-02 1.898673747850000053e-03
-4.312500000000000361e-02 1.765435168420000263e-03
-4.250000000000000305e-02 1.619095981500000064e-03
-4.187500000000000250e-02 1.459124096000000061e-03
-4.125000000000000194e-02 1.285696891879999993e-03
-4.062500000000000139e-02 1.097753239350000029e-03
-4.000000000000000083e-02 8.958037305380000224e-04
-3.937500000000000028e-02 6.805950058450000329e-04
-3.874999999999999972e-02 4.491296126080000155e-04
-3.812499999999999917e-02 2.056237298630000270e-04
-3.749999999999999861e-02 -4.297721823340000486e-05
-3.687499999999999806e-02 -2.973169055320000215e-04
-3.624999999999999750e-02 -5.448302923430000137e-04
-3.562500000000000389e-02 -7.732786424290000443e-04
-3.500000000000000333e-02 -9.826619557910000729e-04
-3.437500000000000278e-02 -1.144391700730000095e-03
-3.375000000000000222e-02 -1.274410950410000175e-03
-3.312500000000000167e-02 -1.372719704840000060e-03
-3.250000000000000111e-02 -1.440654403529999976e-03
-3.187500000000000056e-02 -1.491962262720000158e-03
-3.125000000000000000e-02 -1.529481314420000088e-03
-3.062499999999999944e-02 -1.554777563760000080e-03
-2.999999999999999889e-02 -1.578661156400000022e-03
-2.937500000000000180e-02 -1.593971151689999987e-03
-2.875000000000000125e-02 -1.600707549619999944e-03
-2.812500000000000069e-02 -1.595223184440000162e-03
-2.750000000000000014e-02 -1.567451878710000033e-03
-2.687499999999999958e-02 -1.516810085900000167e-03
-2.624999999999999903e-02 -1.459193772270000024e-03
-2.562500000000000194e-02 -1.315949412200000113e-03
-2.500000000000000139e-02 -9.903940483950001566e-04
-2.437500000000000083e-02 -4.825276808600000088e-04
-2.375000000000000028e-02 3.099432848890000286e-05
-2.312499999999999972e-02 1.382549173760000156e-03
-2.249999999999999917e-02 3.654284368540000431e-03
-2.187500000000000208e-02 6.966296218819999740e-03
-2.125000000000000153e-02 1.222272058790000067e-02
-2.062500000000000097e-02 1.960907057220000194e-02
-2.000000000000000042e-02 2.912534617180000118e-02
-1.937499999999999986e-02 4.204584315640000347e-02
-1.874999999999999931e-02 5.748898528630000393e-02
-1.812499999999999875e-02 7.545477256160000590e-02
-1.750000000000000167e-02 9.552307988630000246e-02
-1.687500000000000111e-02 1.176539875250000033e-01
-1.625000000000000056e-02 1.419130808010000133e-01
-1.562500000000000000e-02 1.681970225459999968e-01
-1.499999999999999944e-02 1.969412538199999951e-01
-1.437500000000000062e-02 2.283149149070000106e-01
-1.375000000000000007e-02 2.627050110480000367e-01
-1.312499999999999951e-02 2.999926713920000321e-01
-1.250000000000000069e-02 3.394635137310000328e-01
-1.187500000000000014e-02 3.814388665699999792e-01
-1.124999999999999958e-02 4.244460700290000332e-01
-1.062500000000000076e-02 4.655753798169999791e-01
-1.000000000000000021e-02 5.048267959330000609e-01
-9.374999999999999653e-03 5.390320428610000381e-01
-8.750000000000000833e-03 5.679851915560000242e-01
-8.125000000000000278e-03 5.916862420180000193e-01
-7.499999999999999722e-03 6.076760583800000504e-01
-6.875000000000000035e-03 6.188662571280000302e-01
-6.250000000000000347e-03 6.259902071840000026e-01
-5.624999999999999792e-03 6.302933470300000618e-01
-5.000000000000000104e-03 6.334649941509999937e-01
-4.375000000000000416e-03 6.352009721369999973e-01
-3.749999999999999861e-03 6.359125347600000921e-01
-3.125000000000000173e-03 6.366074202449999442e-01
-2.500000000000000052e-03 6.370125099419999826e-01
-1.874999999999999931e-03 6.371606955459999666e-01
-1.250000000000000026e-03 6.372928197999999655e-01
-6.250000000000000130e-04 6.373720943530000183e-01
0.000000000000000000e+00 6.373985192040000358e-01
6.250000000000000130e-04 6.373720943530000183e-01
1.250000000000000026e-03 6.372928197999999655e-01
1.874999999999999931e-03 6.371606955459999666e-01
2.500000000000000052e-03 6.370125099419999826e-01
3.125000000000000173e-03 6.366074202449999442e-01
3.749999999999999861e-03 6.359125347600000921e-01
4.375000000000000416e-03 6.352009721369999973e-01
5.000000000000000104e-03 6.334649941509999937e-01
5.624999999999999792e-03 6.302933470300000618e-01
6.250000000000000347e-03 6.259902071840000026e-01
6.875000000000000035e-03 6.188662571280000302e-01
7.499999999999999722e-03 6.076760583800000504e-01
8.125000000000000278e-03 5.916862420180000193e-01
8.750000000000000833e-03 5.679851915560000242e-01
9.374999999999999653e-03 5.390320428610000381e-01
1.000000000000000021e-02 5.048267959330000609e-01
1.062500000000000076e-02 4.655753798169999791e-01
1.124999999999999958e-02 4.244460700290000332e-01
1.187500000000000014e-02 3.814388665699999792e-01
1.250000000000000069e-02 3.394635137310000328e-01
1.312499999999999951e-02 2.999926713920000321e-01
1.375000000000000007e-02 2.627050110480000367e-01
1.437500000000000062e-02 2.283149149070000106e-01
1.499999999999999944e-02 1.969412538199999951e-01
1.562500000000000000e-02 1.681970225459999968e-01
1.625000000000000056e-02 1.419130808010000133e-01
1.687500000000000111e-02 1.176539875250000033e-01
1.750000000000000167e-02 9.552307988630000246e-02
1.812499999999999875e-02 7.545477256160000590e-02
1.874999999999999931e-02 5.748898528630000393e-02
1.937499999999999986e-02 4.204584315640000347e-02
2.000000000000000042e-02 2.912534617180000118e-02
2.062500000000000097e-02 1.960907057220000194e-02
2.125000000000000153e-02 1.222272058790000067e-02
2.187500000000000208e-02 6.966296218819999740e-03
2.249999999999999917e-02 3.654284368540000431e-03
2.312499999999999972e-02 1.382549173760000156e-03
2.375000000000000028e-02 3.099432848890000286e-05
2.437500000000000083e-02 -4.825276808600000088e-04
2.500000000000000139e-02 -9.903940483950001566e-04
2.562500000000000194e-02 -1.315949412200000113e-03
2.624999999999999903e-02 -1.459193772270000024e-03
2.687499999999999958e-02 -1.516810085900000167e-03
2.750000000000000014e-02 -1.567451878710000033e-03
2.812500000000000069e-02 -1.595223184440000162e-03
2.875000000000000125e-02 -1.600707549619999944e-03
2.937500000000000180e-02 -1.593971151689999987e-03
2.999999999999999889e-02 -1.578661156400000022e-03
3.062499999999999944e-02 -1.554777563760000080e-03
3.125000000000000000e-02 -1.529481314420000088e-03
3.187500000000000056e-02 -1.491962262720000158e-03
3.250000000000000111e-02 -1.440654403529999976e-03
3.312500000000000167e-02 -1.372719704840000060e-03
3.375000000000000222e-02 -1.274410950410000175e-03
3.437500000000000278e-02 -1.144391700730000095e-03
3.500000000000000333e-02 -9.826619557910000729e-04
3.562500000000000389e-02 -7.732786424290000443e-04
3.624999999999999750e-02 -5.448302923430000137e-04
3.687499999999999806e-02 -2.973169055320000215e-04
3.749999999999999861e-02 -4.297721823340000486e-05
3.812499999999999917e-02 2.056237298630000270e-04
3.874999999999999972e-02 4.491296126080000155e-04
3.937500000000000028e-02 6.805950058450000329e-04
4.000000000000000083e-02 8.958037305380000224e-04
4.062500000000000139e-02 1.097753239350000029e-03
4.125000000000000194e-02 1.285696891879999993e-03
4.187500000000000250e-02 1.459124096000000061e-03
4.250000000000000305e-02 1.619095981500000064e-03
4.312500000000000361e-02 1.765435168420000263e-03
4.375000000000000416e-02 1.898673747850000053e-03
4.437499999999999778e-02 2.020230726930000165e-03
4.499999999999999833e-02 2.130106105639999886e-03
4.562499999999999889e-02 2.229387971520000074e-03
4.624999999999999944e-02 2.318245959690000239e-03
4.687500000000000000e-02 2.396680070149999949e-03
4.750000000000000056e-02 2.464968199200000352e-03
4.812500000000000111e-02 2.525164297050000364e-03
4.875000000000000167e-02 2.577450264329999956e-03
4.937500000000000222e-02 2.622186091760000080e-03
5.000000000000000278e-02 2.660424645380000085e-03
5.062500000000000333e-02 2.692219147150000120e-03
5.125000000000000389e-02 2.717815556300000150e-03
5.187500000000000444e-02 2.738306008290000010e-03
5.249999999999999806e-02 2.753736916750000249e-03
5.312499999999999861e-02 2.763646951290000143e-03
5.374999999999999917e-02 2.768518641280000216e-03
5.437499999999999972e-02 2.771441655279999888e-03
5.500000000000000028e-02 2.772415993280000213e-03
5.562500000000000083e-02 2.768383311450000033e-03
5.625000000000000139e-02 2.761690400279999923e-03
5.687500000000000194e-02 2.752337259760000501e-03
5.750000000000000250e-02 2.740582051279999865e-03
5.812500000000000305e-02 2.726851018689999823e-03
5.875000000000000361e-02 2.711148495540000123e-03
5.937500000000000416e-02 2.693575724910000219e-03
5.999999999999999778e-02 2.674673625930000347e-03
6.062499999999999833e-02 2.654518369930000069e-03
6.124999999999999889e-02 2.633173981470000261e-03
6.187499999999999944e-02 2.610880090670000039e-03
6.250000000000000000e-02 2.587629639730000021e-03
6.312500000000000056e-02 2.563453677020000217e-03
6.375000000000000111e-02 2.538733488860000272e-03
6.437500000000000167e-02 2.513536976030000120e-03
6.500000000000000222e-02 2.487864138510000132e-03
6.562500000000000278e-02 2.461864169020000059e-03
6.625000000000000333e-02 2.435581540930000042e-03
6.687500000000000389e-02 2.409016254230000268e-03
6.750000000000000444e-02 2.382206928849999947e-03
6.812500000000000500e-02 2.355314641450000166e-03
6.875000000000000555e-02 2.328350852790000373e-03
6.937500000000000611e-02 2.301379056340000038e-03
7.000000000000000666e-02 2.274505203589999910e-03
7.062500000000000722e-02 2.247718744540000077e-03
7.125000000000000777e-02 2.221009420120000338e-03
7.187500000000000833e-02 2.194413762340000247e-03
7.249999999999999500e-02 2.167965014710000141e-03
7.312499999999999556e-02 2.141678792580000053e-03
7.374999999999999611e-02 2.115664925560000343e-03
7.437499999999999667e-02 2.089902941220000195e-03
7.499999999999999722e-02 2.064392839539999983e-03
7.562499999999999778e-02 2.039175884090000269e-03
7.624999999999999833e-02 2.014256956150000180e-03
7.687499999999999889e-02 1.989636055720000150e-03
7.749999999999999944e-02 1.965305772839999986e-03
7.812500000000000000e-02 1.941293266370000244e-03
7.875000000000000056e-02 1.917602788970000031e-03
7.937500000000000111e-02 1.894235435610000084e-03
8.000000000000000167e-02 1.871211658249999875e-03
8.062500000000000222e-02 1.848535931160000126e-03
8.125000000000000278e-02 1.826221020150000209e-03
8.187500000000000333e-02 1.804277897880000132e-03
8.250000000000000389e-02 1.782689382679999946e-03
8.312500000000000444e-02 1.761460508060000169e-03
8.375000000000000500e-02 1.740620841309999979e-03
8.437500000000000555e-02 1.720159892830000221e-03
8.500000000000000611e-02 1.700077662629999840e-03
8.562500000000000666e-02 1.680351189610000294e-03
8.625000000000000722e-02 1.660989968659999953e-03
8.687500000000000777e-02 1.641993999780000119e-03
8.750000000000000833e-02 1.623355562580000100e-03
8.812499999999999500e-02 1.605078257420000046e-03
8.874999999999999556e-02 1.587163771070000109e-03
8.937499999999999611e-02 1.569610466360000026e-03
8.999999999999999667e-02 1.552424147290000023e-03
9.062499999999999722e-02 1.535607219839999968e-03
9.124999999999999778e-02 1.519165118450000081e-03
9.187499999999999833e-02 1.503088109749999967e-03
9.249999999999999889e-02 1.487362706170000182e-03
9.312499999999999944e-02 1.471985591510000142e-03
9.375000000000000000e-02 1.456940541780000088e-03
9.437500000000000056e-02 1.442236638209999991e-03
9.500000000000000111e-02 1.427873880780000009e-03
9.562500000000000167e-02 1.413867284530000113e-03
9.625000000000000222e-02 1.400199615830000251e-03
9.687500000000000278e-02 1.386870874700000048e-03
9.750000000000000333e-02 1.373862335400000091e-03
9.812500000000000389e-02 1.361198331490000041e-03
9.875000000000000444e-02 1.348884687660000187e-03
9.937500000000000500e-02 1.336923868440000095e-03
1.000000000000000056e-01 1.325286816909999887e-03
1.006250000000000061e-01 1.313964831210000066e-03
1.012500000000000067e-01 1.302964564410000062e-03
1.018750000000000072e-01 1.292283345780000092e-03
1.025000000000000078e-01 1.281908625450000174e-03
1.031250000000000083e-01 1.271832850200000113e-03
1.037500000000000089e-01 1.262035607070000065e-03
1.043749999999999956e-01 1.252548606790000003e-03
1.049999999999999961e-01 1.243371849350000113e-03
1.056249999999999967e-01 1.234538668130000195e-03
1.062499999999999972e-01 1.226002188240000101e-03
1.068749999999999978e-01 1.217762409680000048e-03
1.074999999999999983e-01 1.209822518880000102e-03
1.081249999999999989e-01 1.202177445960000068e-03
1.087499999999999994e-01 1.194826096559999974e-03
1.093750000000000000e-01 1.187764762279999980e-03
1.100000000000000006e-01 1.180994468750000068e-03
1.106250000000000011e-01 1.174517635600000071e-03
1.112500000000000017e-01 1.168333670730000102e-03
1.118750000000000022e-01 1.162435803110000018e-03
1.125000000000000028e-01 1.156822145890000009e-03
1.131250000000000033e-01 1.151495930610000077e-03
1.137500000000000039e-01 1.146460726400000017e-03
1.143750000000000044e-01 1.141699523540000124e-03
1.150000000000000050e-01 1.137212322020000150e-03
1.156250000000000056e-01 1.132990682560000009e-03
1.162500000000000061e-01 1.129058813910000002e-03
1.168750000000000067e-01 1.125416716079999943e-03
1.175000000000000072e-01 1.122031738059999948e-03
1.181250000000000078e-01 1.118918390590000009e-03
1.187500000000000083e-01 1.116083727790000060e-03
1.193750000000000089e-01 1.113522294750000051e-03
1.199999999999999956e-01 1.111213138870000136e-03
1.206249999999999961e-01 1.109154204020000112e-03
1.212499999999999967e-01 1.107375953520000223e-03
1.218749999999999972e-01 1.105911070640000146e-03
1.224999999999999978e-01 1.104721339730000123e-03
1.231249999999999983e-01 1.103830307340000110e-03
1.237499999999999989e-01 1.103239292860000139e-03
1.243749999999999994e-01 1.102807896560000205e-03
1.250000000000000000e-01 1.102536118440000093e-03
