-4.515000000000000124e-01 0.000000000000000000e+00
-4.498875000000001068e-01 0.000000000000000000e+00
-4.482749999999999790e-01 0.000000000000000000e+00
-4.466625000000000734e-01 0.000000000000000000e+00
-4.450499999999999456e-01 0.000000000000000000e+00
-4.434375000000000400e-01 0.000000000000000000e+00
-4.418250000000000233e-01 0.000000000000000000e+00
-4.402125000000000066e-01 0.000000000000000000e+00
-4.385999999999999899e-01 0.000000000000000000e+00
-4.369875000000000842e-01 0.000000000000000000e+00
-4.353750000000000675e-01 0.000000000000000000e+00
-4.337625000000001618e-01 0.000000000000000000e+00
-4.321500000000000341e-01 0.000000000000000000e+00
-4.305375000000001284e-01 0.000000000000000000e+00
-4.289250000000000007e-01 0.000000000000000000e+00
-4.273124999999999840e-01 0.000000000000000000e+00
-4.257000000000000783e-01 0.000000000000000000e+00
-4.240874999999999506e-01 0.000000000000000000e+00
-4.224750000000000449e-01 0.000000000000000000e+00
-4.208624999999999172e-01 0.000000000000000000e+00
-4.192500000000000115e-01 0.000000000000000000e+00
-4.176374999999999948e-01 0.000000000000000000e+00
-4.160250000000000892e-01 0.000000000000000000e+00
-4.144125000000000725e-01 0.000000000000000000e+00
-4.128000000000000558e-01 0.000000000000000000e+00
-4.111875000000000391e-01 0.000000000000000000e+00
-4.095750000000001334e-01 0.000000000000000000e+00
-4.079625000000000057e-01 0.000000000000000000e+00
-4.063500000000001000e-01 0.000000000000000000e+00
-4.047374999999999723e-01 0.000000000000000000e+00
-4.031249999999999556e-01 0.000000000000000000e+00
-4.015125000000000499e-01 0.000000000000000000e+00
-3.998999999999999222e-01 0.000000000000000000e+00
-3.982875000000000165e-01 0.000000000000000000e+00
-3.966749999999999998e-01 0.000000000000000000e+00
-3.950625000000000941e-01 0.000000000000000000e+00
-3.934500000000001885e-01 0.000000000000000000e+00
-3.918375000000000608e-01 0.000000000000000000e+00
-3.902250000000000441e-01 0.000000000000000000e+00
-3.886125000000000274e-01 0.000000000000000000e+00
-3.870000000000000107e-01 0.000000000000000000e+00
-3.853875000000001050e-01 0.000000000000000000e+00
-3.837749999999999773e-01 0.000000000000000000e+00
-3.821625000000000716e-01 0.000000000000000000e+00
-3.805499999999999439e-01 0.000000000000000000e+00
-3.789374999999999272e-01 0.000000000000000000e+00
-3.773250000000000215e-01 0.000000000000000000e+00
-3.757125000000001158e-01 0.000000000000000000e+00
-3.741000000000000991e-01 0.000000000000000000e+00
-3.724874999999999714e-01 0.000000000000000000e+00
-3.708750000000000657e-01 0.000000000000000000e+00
-3.692625000000001600e-01 0.000000000000000000e+00
-3.676500000000000323e-01 0.000000000000000000e+00
-3.660375000000000156e-01 0.000000000000000000e+00
-3.644249999999999989e-01 0.000000000000000000e+00
-3.628124999999999822e-01 0.000000000000000000e+00
-3.612000000000000766e-01 0.000000000000000000e+00
-3.595874999999999488e-01 0.000000000000000000e+00
-3.579750000000000432e-01 0.000000000000000000e+00
-3.563625000000000265e-01 0.000000000000000000e+00
-3.547500000000001208e-01 0.000000000000000000e+00
-3.531375000000001041e-01 0.000000000000000000e+00
-3.515250000000000874e-01 0.000000000000000000e+00
-3.499125000000000707e-01 0.000000000000000000e+00
-3.482999999999999430e-01 0.000000000000000000e+00
-3.466875000000000373e-01 0.000000000000000000e+00
-3.450750000000001316e-01 0.000000000000000000e+00
-3.434625000000000039e-01 0.000000000000000000e+00
-3.418499999999999872e-01 0.000000000000000000e+00
-3.402374999999999705e-01 0.000000000000000000e+00
-3.386249999999999538e-01 0.000000000000000000e+00
-3.370125000000000481e-01 0.000000000000000000e+00
-3.354000000000000314e-01 0.000000000000000000e+00
-3.337875000000001258e-01 0.000000000000000000e+00
-3.321749999999999980e-01 0.000000000000000000e+00
-3.305625000000000924e-01 0.000000000000000000e+00
-3.289500000000000757e-01 0.000000000000000000e+00
-3.273375000000000590e-01 0.000000000000000000e+00
-3.257250000000000423e-01 0.000000000000000000e+00
-3.241124999999999146e-01 0.000000000000000000e+00
-3.225000000000000089e-01 0.000000000000000000e+00
-3.208875000000001032e-01 0.000000000000000000e+00
-3.192749999999999755e-01 0.000000000000000000e+00
-3.176624999999999588e-01 0.000000000000000000e+00
-3.160499999999999421e-01 0.000000000000000000e+00
-3.144375000000000364e-01 0.000000000000000000e+00
-3.128250000000000197e-01 0.000000000000000000e+00
-3.112125000000000030e-01 0.000000000000000000e+00
-3.096000000000000973e-01 0.000000000000000000e+00
-3.079874999999999696e-01 0.000000000000000000e+00
-3.063750000000000639e-01 0.000000000000000000e+00
-3.047625000000000473e-01 0.000000000000000000e+00
-3.031500000000000306e-01 0.000000000000000000e+00
-3.015375000000000139e-01 0.000000000000000000e+00
-2.999249999999999972e-01 0.000000000000000000e+00
-2.983125000000000915e-01 0.000000000000000000e+00
-2.967000000000000748e-01 0.000000000000000000e+00
-2.950874999999999471e-01 0.000000000000000000e+00
-2.934750000000000414e-01 0.000000000000000000e+00
-2.918625000000000247e-01 0.000000000000000000e+00
-2.902500000000000080e-01 0.000000000000000000e+00
-2.886375000000001023e-01 0.000000000000000000e+00
-2.870249999999999746e-01 0.000000000000000000e+00
-2.854125000000000689e-01 0.000000000000000000e+00
-2.837999999999999412e-01 0.000000000000000000e+00
-2.821875000000000355e-01 0.000000000000000000e+00
-2.805750000000000188e-01 0.000000000000000000e+00
-2.789625000000000021e-01 0.000000000000000000e+00
-2.773500000000000965e-01 0.000000000000000000e+00
-2.757374999999999687e-01 0.000000000000000000e+00
-2.741250000000000631e-01 0.000000000000000000e+00
-2.725125000000000464e-01 0.000000000000000000e+00
-2.709000000000000297e-01 0.000000000000000000e+00
-2.692875000000001240e-01 0.000000000000000000e+00
-2.676749999999999963e-01 0.000000000000000000e+00
-2.660624999999999796e-01 0.000000000000000000e+00
-2.644500000000000739e-01 0.000000000000000000e+00
-2.628374999999999462e-01 0.000000000000000000e+00
-2.612250000000000405e-01 0.000000000000000000e+00
-2.596125000000000238e-01 0.000000000000000000e+00
-2.580000000000000071e-01 0.000000000000000000e+00
-2.563875000000001014e-01 0.000000000000000000e+00
-2.547749999999999737e-01 0.000000000000000000e+00
-2.531625000000000680e-01 0.000000000000000000e+00
-2.515500000000000513e-01 0.000000000000000000e+00
-2.499375000000000346e-01 0.000000000000000000e+00
-2.483250000000001290e-01 0.000000000000000000e+00
-2.467125000000000012e-01 0.000000000000000000e+00
-2.451000000000000956e-01 0.000000000000000000e+00
-2.434874999999999678e-01 0.000000000000000000e+00
-2.418749999999999512e-01 0.000000000000000000e+00
-2.402625000000000455e-01 0.000000000000000000e+00
-2.386500000000000288e-01 0.000000000000000000e+00
-2.370375000000001231e-01 0.000000000000000000e+00
-2.354249999999999954e-01 0.000000000000000000e+00
-2.338124999999999787e-01 0.000000000000000000e+00
-2.322000000000000730e-01 0.000000000000000000e+00
-2.305875000000000563e-01 0.000000000000000000e+00
-2.289750000000000396e-01 0.000000000000000000e+00
-2.273625000000000229e-01 0.000000000000000000e+00
-2.257500000000000062e-01 0.000000000000000000e+00
-2.241375000000001005e-01 0.000000000000000000e+00
-2.225249999999999728e-01 0.000000000000000000e+00
-2.209125000000000671e-01 0.000000000000000000e+00
-2.193000000000000504e-01 0.000000000000000000e+00
-2.176875000000000338e-01 0.000000000000000000e+00
-2.160750000000001281e-01 0.000000000000000000e+00
-2.144625000000000004e-01 0.000000000000000000e+00
-2.128500000000000947e-01 0.000000000000000000e+00
-2.112374999999999670e-01 0.000000000000000000e+00
-2.096250000000000613e-01 0.000000000000000000e+00
-2.080125000000001556e-01 0.000000000000000000e+00
-2.064000000000000279e-01 0.000000000000000000e+00
-2.047875000000000112e-01 0.000000000000000000e+00
-2.031749999999999945e-01 0.000000000000000000e+00
-2.015624999999999778e-01 0.000000000000000000e+00
-1.999500000000000721e-01 0.000000000000000000e+00
-1.983375000000000554e-01 0.000000000000000000e+00
-1.967250000000000387e-01 0.000000000000000000e+00
-1.951125000000000220e-01 0.000000000000000000e+00
-1.935000000000000053e-01 0.000000000000000000e+00
-1.918875000000000997e-01 0.000000000000000000e+00
-1.902750000000000830e-01 0.000000000000000000e+00
-1.886624999999999552e-01 0.000000000000000000e+00
-1.870500000000000496e-01 0.000000000000000000e+00
-1.854375000000000329e-01 0.000000000000000000e+00
-1.838250000000000162e-01 0.000000000000000000e+00
-1.822124999999999995e-01 0.000000000000000000e+00
-1.805999999999999828e-01 0.000000000000000000e+00
-1.789875000000000771e-01 0.000000000000000000e+00
-1.773750000000000604e-01 0.000000000000000000e+00
-1.757625000000000437e-01 0.000000000000000000e+00
-1.741499999999999715e-01 0.000000000000000000e+00
-1.725374999999999548e-01 0.000000000000000000e+00
-1.709249999999999936e-01 0.000000000000000000e+00
-1.693125000000000324e-01 0.000000000000000000e+00
-1.677000000000000157e-01 0.000000000000000000e+00
-1.660874999999999990e-01 0.000000000000000000e+00
-1.644749999999999823e-01 0.000000000000000000e+00
-1.628625000000000211e-01 0.000000000000000000e+00
-1.612500000000000044e-01 0.000000000000000000e+00
-1.596375000000000433e-01 0.000000000000000000e+00
-1.580250000000000266e-01 0.000000000000000000e+00
-1.564125000000000099e-01 0.000000000000000000e+00
-1.548000000000000487e-01 0.000000000000000000e+00
-1.531875000000000320e-01 0.000000000000000000e+00
-1.515750000000000153e-01 0.000000000000000000e+00
-1.499625000000000541e-01 0.000000000000000000e+00
-1.483499999999999819e-01 0.000000000000000000e+00
-1.467375000000000762e-01 0.000000000000000000e+00
-1.451250000000000040e-01 0.000000000000000000e+00
-1.435124999999999873e-01 0.000000000000000000e+00
-1.418999999999999706e-01 0.000000000000000000e+00
-1.402875000000000094e-01 0.000000000000000000e+00
-1.386750000000000482e-01 0.000000000000000000e+00
-1.370625000000000315e-01 0.000000000000000000e+00
-1.354500000000000148e-01 0.000000000000000000e+00
-1.338374999999999981e-01 0.000000000000000000e+00
-1.322249999999999814e-01 0.000000000000000000e+00
-1.306125000000000203e-01 0.000000000000000000e+00
-1.290000000000000591e-01 0.000000000000000000e+00
-1.273875000000000424e-01 0.000000000000000000e+00
-1.257750000000000257e-01 0.000000000000000000e+00
-1.241624999999999535e-01 0.000000000000000000e+00
-1.225500000000000478e-01 0.000000000000000000e+00
-1.209374999999999756e-01 0.000000000000000000e+00
-1.193250000000000699e-01 0.000000000000000000e+00
-1.177124999999999977e-01 0.000000000000000000e+00
-1.160999999999999810e-01 0.000000000000000000e+00
-1.144875000000000198e-01 0.000000000000000000e+00
-1.128750000000000031e-01 0.000000000000000000e+00
-1.112624999999999864e-01 0.000000000000000000e+00
-1.096500000000000252e-01 0.000000000000000000e+00
-1.080375000000000085e-01 0.000000000000000000e+00
-1.064250000000000473e-01 0.000000000000000000e+00
-1.048125000000000306e-01 0.000000000000000000e+00
-1.032000000000000139e-01 0.000000000000000000e+00
-1.015874999999999972e-01 0.000000000000000000e+00
-9.997500000000003606e-02 0.000000000000000000e+00
-9.836250000000007487e-02 0.000000000000000000e+00
-9.675000000000005818e-02 0.000000000000000000e+00
-9.513750000000004148e-02 0.000000000000000000e+00
-9.352499999999996927e-02 0.000000000000000000e+00
-9.191249999999995257e-02 0.000000000000000000e+00
-9.029999999999999138e-02 0.000000000000000000e+00
-8.868750000000003020e-02 0.000000000000000000e+00
-8.707500000000001350e-02 0.000000000000000000e+00
-8.546249999999999680e-02 0.000000000000000000e+00
-8.384999999999998010e-02 0.000000000000000000e+00
-8.223750000000001892e-02 0.000000000000000000e+00
-8.062500000000000222e-02 0.000000000000000000e+00
-7.901250000000004103e-02 0.000000000000000000e+00
-7.740000000000002434e-02 0.000000000000000000e+00
-7.578750000000000764e-02 0.000000000000000000e+00
-7.417500000000004645e-02 0.000000000000000000e+00
-7.256250000000002975e-02 0.000000000000000000e+00
-7.095000000000001306e-02 0.000000000000000000e+00
-6.933750000000005187e-02 0.000000000000000000e+00
-6.772500000000003517e-02 0.000000000000000000e+00
-6.611250000000007399e-02 0.000000000000000000e+00
-6.450000000000000178e-02 0.000000000000000000e+00
-6.288749999999998508e-02 0.000000000000000000e+00
-6.127499999999996838e-02 0.000000000000000000e+00
-5.966249999999995168e-02 0.000000000000000000e+00
-5.804999999999999050e-02 0.000000000000000000e+00
-5.643750000000002931e-02 0.000000000000000000e+00
-5.482500000000001261e-02 0.000000000000000000e+00
-5.321249999999999591e-02 0.000000000000000000e+00
-5.159999999999997922e-02 0.000000000000000000e+00
-4.998750000000001803e-02 0.000000000000000000e+00
-4.837500000000000133e-02 0.000000000000000000e+00
-4.676250000000004015e-02 0.000000000000000000e+00
-4.515000000000002345e-02 0.000000000000000000e+00
-4.353749999999995124e-02 0.000000000000000000e+00
-4.192500000000004556e-02 0.000000000000000000e+00
-4.031249999999997335e-02 0.000000000000000000e+00
-3.869999999999995666e-02 0.000000000000000000e+00
-3.708749999999999547e-02 0.000000000000000000e+00
-3.547499999999997877e-02 3.558125083845252445e-02
-3.386250000000001759e-02 7.578660959982429224e-02
-3.225000000000000089e-02 1.167963917680431563e-01
-3.063749999999998419e-02 1.600330279435884240e-01
-2.902499999999996749e-02 2.070319962337281161e-01
-2.741250000000000631e-02 2.594899774088222921e-01
-2.580000000000004512e-02 3.194078640998790908e-01
-2.418750000000002842e-02 3.896434125631091372e-01
-2.257500000000001172e-02 4.747234247035410082e-01
-2.096249999999999503e-02 5.812622209089522984e-01
-1.934999999999992282e-02 7.176289288125803356e-01
-1.773750000000001714e-02 8.909899323911782965e-01
-1.612500000000005596e-02 1.097151002338424552e+00
-1.451250000000003926e-02 1.304464812792764494e+00
-1.289999999999996705e-02 1.461739746519532090e+00
-1.128749999999995035e-02 1.547092962870966648e+00
-9.674999999999989164e-03 1.581320569858594371e+00
-8.062499999999972466e-03 1.593041361112350618e+00
-6.450000000000011280e-03 1.596383077705462394e+00
-4.837499999999994582e-03 1.596900215908535925e+00
-3.224999999999977884e-03 1.597786873323101098e+00
-1.612500000000016698e-03 1.597949216486957091e+00
0.000000000000000000e+00 1.597456119003404451e+00
1.612499999999961187e-03 1.597949216486957091e+00
3.225000000000088907e-03 1.597786873323101098e+00
4.837500000000050093e-03 1.596900215908535925e+00
6.450000000000011280e-03 1.596383077705462394e+00
8.062499999999972466e-03 1.593041361112350618e+00
9.674999999999933653e-03 1.581320569858594371e+00
1.128750000000017240e-02 1.547092962870966648e+00
1.290000000000013358e-02 1.461739746519532090e+00
1.451250000000009477e-02 1.304464812792764494e+00
1.612500000000000044e-02 1.097151002338424552e+00
1.773749999999996163e-02 8.909899323911782965e-01
1.935000000000014486e-02 7.176289288125803356e-01
2.096250000000010605e-02 5.812622209089522984e-01
2.257500000000006724e-02 4.747234247035410082e-01
2.418750000000002842e-02 3.896434125631091372e-01
2.579999999999998961e-02 3.194078640998790908e-01
2.741250000000011733e-02 2.594899774088222921e-01
2.902500000000007851e-02 2.070319962337281161e-01
3.063750000000003970e-02 1.600330279435884240e-01
3.225000000000000089e-02 1.167963917680431563e-01
3.386249999999996207e-02 7.578660959982429224e-02
3.547500000000014531e-02 3.558125083845252445e-02
3.708750000000005098e-02 0.000000000000000000e+00
3.870000000000001217e-02 0.000000000000000000e+00
4.031249999999997335e-02 0.000000000000000000e+00
4.192499999999993454e-02 0.000000000000000000e+00
4.353750000000011777e-02 0.000000000000000000e+00
4.515000000000007896e-02 0.000000000000000000e+00
4.676250000000004015e-02 0.000000000000000000e+00
4.837499999999994582e-02 0.000000000000000000e+00
4.998749999999996252e-02 0.000000000000000000e+00
5.160000000000020126e-02 0.000000000000000000e+00
5.321250000000010694e-02 0.000000000000000000e+00
5.482500000000012363e-02 0.000000000000000000e+00
5.643750000000002931e-02 0.000000000000000000e+00
5.804999999999993499e-02 0.000000000000000000e+00
5.966250000000017373e-02 0.000000000000000000e+00
6.127500000000007940e-02 0.000000000000000000e+00
6.288750000000009610e-02 0.000000000000000000e+00
6.450000000000000178e-02 0.000000000000000000e+00
6.611250000000001847e-02 0.000000000000000000e+00
6.772500000000014619e-02 0.000000000000000000e+00
6.933750000000005187e-02 0.000000000000000000e+00
7.095000000000006857e-02 0.000000000000000000e+00
7.256249999999997424e-02 0.000000000000000000e+00
7.417499999999999094e-02 0.000000000000000000e+00
7.578750000000011866e-02 0.000000000000000000e+00
7.740000000000002434e-02 0.000000000000000000e+00
7.901250000000004103e-02 0.000000000000000000e+00
8.062499999999994671e-02 0.000000000000000000e+00
8.223749999999996341e-02 0.000000000000000000e+00
8.385000000000020215e-02 0.000000000000000000e+00
8.546250000000010782e-02 0.000000000000000000e+00
8.707500000000012452e-02 0.000000000000000000e+00
8.868750000000003020e-02 0.000000000000000000e+00
9.030000000000004690e-02 0.000000000000000000e+00
9.191250000000017462e-02 0.000000000000000000e+00
9.352500000000008029e-02 0.000000000000000000e+00
9.513750000000009699e-02 0.000000000000000000e+00
9.675000000000000266e-02 0.000000000000000000e+00
9.836250000000001936e-02 0.000000000000000000e+00
9.997500000000014708e-02 0.000000000000000000e+00
1.015875000000000528e-01 0.000000000000000000e+00
1.032000000000000695e-01 0.000000000000000000e+00
1.048124999999999751e-01 0.000000000000000000e+00
1.064249999999999918e-01 0.000000000000000000e+00
1.080375000000001195e-01 0.000000000000000000e+00
1.096500000000001362e-01 0.000000000000000000e+00
1.112625000000000419e-01 0.000000000000000000e+00
1.128749999999999476e-01 0.000000000000000000e+00
1.144874999999999643e-01 0.000000000000000000e+00
1.161000000000000920e-01 0.000000000000000000e+00
1.177125000000001087e-01 0.000000000000000000e+00
1.193250000000000144e-01 0.000000000000000000e+00
1.209375000000000311e-01 0.000000000000000000e+00
1.225499999999999368e-01 0.000000000000000000e+00
1.241625000000001755e-01 0.000000000000000000e+00
1.257750000000000812e-01 0.000000000000000000e+00
1.273875000000000979e-01 0.000000000000000000e+00
1.290000000000000036e-01 0.000000000000000000e+00
1.306125000000000203e-01 0.000000000000000000e+00
1.322250000000001480e-01 0.000000000000000000e+00
1.338375000000001647e-01 0.000000000000000000e+00
1.354500000000000703e-01 0.000000000000000000e+00
1.370624999999999760e-01 0.000000000000000000e+00
1.386749999999999927e-01 0.000000000000000000e+00
1.402875000000001204e-01 0.000000000000000000e+00
1.419000000000001371e-01 0.000000000000000000e+00
1.435125000000000428e-01 0.000000000000000000e+00
1.451250000000000595e-01 0.000000000000000000e+00
1.467374999999999652e-01 0.000000000000000000e+00
1.483500000000000929e-01 0.000000000000000000e+00
1.499625000000001096e-01 0.000000000000000000e+00
1.515750000000000153e-01 0.000000000000000000e+00
1.531875000000000320e-01 0.000000000000000000e+00
1.547999999999999376e-01 0.000000000000000000e+00
1.564125000000001764e-01 0.000000000000000000e+00
1.580250000000000821e-01 0.000000000000000000e+00
1.596374999999999877e-01 0.000000000000000000e+00
1.612500000000000044e-01 0.000000000000000000e+00
1.628624999999999101e-01 0.000000000000000000e+00
1.644750000000001489e-01 0.000000000000000000e+00
1.660875000000001656e-01 0.000000000000000000e+00
1.677000000000000712e-01 0.000000000000000000e+00
1.693125000000000879e-01 0.000000000000000000e+00
1.709249999999999936e-01 0.000000000000000000e+00
1.725375000000001213e-01 0.000000000000000000e+00
1.741500000000001380e-01 0.000000000000000000e+00
1.757625000000000437e-01 0.000000000000000000e+00
1.773750000000000604e-01 0.000000000000000000e+00
1.789874999999999661e-01 0.000000000000000000e+00
1.806000000000002048e-01 0.000000000000000000e+00
1.822125000000001105e-01 0.000000000000000000e+00
1.838250000000000162e-01 0.000000000000000000e+00
1.854375000000000329e-01 0.000000000000000000e+00
1.870499999999999385e-01 0.000000000000000000e+00
1.886625000000001773e-01 0.000000000000000000e+00
1.902750000000000830e-01 0.000000000000000000e+00
1.918875000000000997e-01 0.000000000000000000e+00
1.935000000000000053e-01 0.000000000000000000e+00
1.951124999999999110e-01 0.000000000000000000e+00
1.967250000000001497e-01 0.000000000000000000e+00
1.983375000000001664e-01 0.000000000000000000e+00
1.999500000000000721e-01 0.000000000000000000e+00
2.015625000000000888e-01 0.000000000000000000e+00
2.031749999999999945e-01 0.000000000000000000e+00
2.047875000000002332e-01 0.000000000000000000e+00
2.064000000000002499e-01 0.000000000000000000e+00
2.080125000000001556e-01 0.000000000000000000e+00
2.096250000000000613e-01 0.000000000000000000e+00
2.112375000000000780e-01 0.000000000000000000e+00
2.128500000000002057e-01 0.000000000000000000e+00
2.144625000000001114e-01 0.000000000000000000e+00
2.160750000000001281e-01 0.000000000000000000e+00
2.176875000000000338e-01 0.000000000000000000e+00
2.192999999999999394e-01 0.000000000000000000e+00
2.209125000000001782e-01 0.000000000000000000e+00
2.225250000000001949e-01 0.000000000000000000e+00
2.241375000000001005e-01 0.000000000000000000e+00
2.257500000000001172e-01 0.000000000000000000e+00
2.273625000000000229e-01 0.000000000000000000e+00
2.289750000000001506e-01 0.000000000000000000e+00
2.305875000000000563e-01 0.000000000000000000e+00
2.322000000000000730e-01 0.000000000000000000e+00
2.338124999999999787e-01 0.000000000000000000e+00
2.354249999999999954e-01 0.000000000000000000e+00
2.370375000000002341e-01 0.000000000000000000e+00
2.386500000000001398e-01 0.000000000000000000e+00
2.402625000000001565e-01 0.000000000000000000e+00
2.418750000000000622e-01 0.000000000000000000e+00
2.434874999999999678e-01 0.000000000000000000e+00
2.451000000000002066e-01 0.000000000000000000e+00
2.467125000000002233e-01 0.000000000000000000e+00
2.483250000000001290e-01 0.000000000000000000e+00
2.499375000000001457e-01 0.000000000000000000e+00
2.515500000000000513e-01 0.000000000000000000e+00
2.531625000000001791e-01 0.000000000000000000e+00
2.547750000000000847e-01 0.000000000000000000e+00
2.563875000000001014e-01 0.000000000000000000e+00
2.580000000000000071e-01 0.000000000000000000e+00
2.596125000000000238e-01 0.000000000000000000e+00
2.612250000000002625e-01 0.000000000000000000e+00
2.628375000000001682e-01 0.000000000000000000e+00
2.644500000000001849e-01 0.000000000000000000e+00
2.660625000000000906e-01 0.000000000000000000e+00
2.676749999999999963e-01 0.000000000000000000e+00
2.692875000000001240e-01 0.000000000000000000e+00
2.709000000000001407e-01 0.000000000000000000e+00
2.725125000000000464e-01 0.000000000000000000e+00
2.741249999999999520e-01 0.000000000000000000e+00
2.757374999999999687e-01 0.000000000000000000e+00
2.773500000000002075e-01 0.000000000000000000e+00
2.789625000000001132e-01 0.000000000000000000e+00
2.805750000000001299e-01 0.000000000000000000e+00
2.821875000000000355e-01 0.000000000000000000e+00
2.838000000000000522e-01 0.000000000000000000e+00
2.854125000000002910e-01 0.000000000000000000e+00
2.870250000000001966e-01 0.000000000000000000e+00
2.886375000000002133e-01 0.000000000000000000e+00
2.902500000000001190e-01 0.000000000000000000e+00
2.918625000000000247e-01 0.000000000000000000e+00
2.934750000000001524e-01 0.000000000000000000e+00
2.950875000000001691e-01 0.000000000000000000e+00
2.967000000000000748e-01 0.000000000000000000e+00
2.983124999999999805e-01 0.000000000000000000e+00
2.999249999999999972e-01 0.000000000000000000e+00
3.015375000000002359e-01 0.000000000000000000e+00
3.031500000000001416e-01 0.000000000000000000e+00
3.047625000000001583e-01 0.000000000000000000e+00
3.063750000000000639e-01 0.000000000000000000e+00
3.079875000000000806e-01 0.000000000000000000e+00
3.096000000000000973e-01 0.000000000000000000e+00
3.112125000000001140e-01 0.000000000000000000e+00
3.128250000000000197e-01 0.000000000000000000e+00
3.144375000000000364e-01 0.000000000000000000e+00
3.160499999999999421e-01 0.000000000000000000e+00
3.176625000000001808e-01 0.000000000000000000e+00
3.192750000000001975e-01 0.000000000000000000e+00
3.208875000000001032e-01 0.000000000000000000e+00
3.225000000000000089e-01 0.000000000000000000e+00
3.241125000000000256e-01 0.000000000000000000e+00
3.257250000000002643e-01 0.000000000000000000e+00
3.273375000000001700e-01 0.000000000000000000e+00
3.289500000000001867e-01 0.000000000000000000e+00
3.305625000000000924e-01 0.000000000000000000e+00
3.321750000000001091e-01 0.000000000000000000e+00
3.337875000000001258e-01 0.000000000000000000e+00
3.354000000000001425e-01 0.000000000000000000e+00
3.370125000000000481e-01 0.000000000000000000e+00
3.386250000000000648e-01 0.000000000000000000e+00
3.402374999999999705e-01 0.000000000000000000e+00
3.418500000000002093e-01 0.000000000000000000e+00
3.434625000000002260e-01 0.000000000000000000e+00
3.450750000000001316e-01 0.000000000000000000e+00
3.466875000000000373e-01 0.000000000000000000e+00
3.483000000000000540e-01 0.000000000000000000e+00
3.499125000000002927e-01 0.000000000000000000e+00
3.515250000000001984e-01 0.000000000000000000e+00
3.531375000000002151e-01 0.000000000000000000e+00
3.547500000000001208e-01 0.000000000000000000e+00
3.563625000000001375e-01 0.000000000000000000e+00
3.579750000000001542e-01 0.000000000000000000e+00
3.595875000000001709e-01 0.000000000000000000e+00
3.612000000000000766e-01 0.000000000000000000e+00
3.628125000000000933e-01 0.000000000000000000e+00
3.644249999999999989e-01 0.000000000000000000e+00
3.660375000000002377e-01 0.000000000000000000e+00
3.676500000000002544e-01 0.000000000000000000e+00
3.692625000000001600e-01 0.000000000000000000e+00
3.708750000000000657e-01 0.000000000000000000e+00
3.724875000000000824e-01 0.000000000000000000e+00
3.741000000000002101e-01 0.000000000000000000e+00
3.757125000000001158e-01 0.000000000000000000e+00
3.773250000000001325e-01 0.000000000000000000e+00
3.789375000000000382e-01 0.000000000000000000e+00
3.805499999999999439e-01 0.000000000000000000e+00
3.821625000000001826e-01 0.000000000000000000e+00
3.837750000000001993e-01 0.000000000000000000e+00
3.853875000000001050e-01 0.000000000000000000e+00
3.870000000000001217e-01 0.000000000000000000e+00
3.886125000000000274e-01 0.000000000000000000e+00
3.902250000000002661e-01 0.000000000000000000e+00
3.918375000000002828e-01 0.000000000000000000e+00
3.934500000000001885e-01 0.000000000000000000e+00
3.950625000000000941e-01 0.000000000000000000e+00
3.966750000000001108e-01 0.000000000000000000e+00
3.982875000000002386e-01 0.000000000000000000e+00
3.999000000000001442e-01 0.000000000000000000e+00
4.015125000000001609e-01 0.000000000000000000e+00
4.031250000000000666e-01 0.000000000000000000e+00
4.047374999999999723e-01 0.000000000000000000e+00
4.063500000000002110e-01 0.000000000000000000e+00
4.079625000000002277e-01 0.000000000000000000e+00
4.095750000000001334e-01 0.000000000000000000e+00
4.111875000000001501e-01 0.000000000000000000e+00
4.128000000000000558e-01 0.000000000000000000e+00
4.144125000000001835e-01 0.000000000000000000e+00
4.160250000000000892e-01 0.000000000000000000e+00
4.176375000000001059e-01 0.000000000000000000e+00
4.192500000000000115e-01 0.000000000000000000e+00
4.208625000000000282e-01 0.000000000000000000e+00
4.224750000000002670e-01 0.000000000000000000e+00
4.240875000000001727e-01 0.000000000000000000e+00
4.257000000000001894e-01 0.000000000000000000e+00
4.273125000000000950e-01 0.000000000000000000e+00
4.289250000000000007e-01 0.000000000000000000e+00
4.305375000000002395e-01 0.000000000000000000e+00
4.321500000000002562e-01 0.000000000000000000e+00
4.337625000000001618e-01 0.000000000000000000e+00
4.353750000000001785e-01 0.000000000000000000e+00
4.369875000000000842e-01 0.000000000000000000e+00
4.386000000000002119e-01 0.000000000000000000e+00
4.402125000000001176e-01 0.000000000000000000e+00
4.418250000000001343e-01 0.000000000000000000e+00
4.434375000000000400e-01 0.000000000000000000e+00
4.450500000000000567e-01 0.000000000000000000e+00
4.466625000000002954e-01 0.000000000000000000e+00
4.482750000000002011e-01 0.000000000000000000e+00
4.498875000000002178e-01 0.000000000000000000e+00
4.515000000000001235e-01 0.000000000000000000e+00
