-7.740000000000000213e-01 -4.048000597476932976e-05
-7.723875000000001156e-01 -4.114381386485748126e-05
-7.707749999999999879e-01 -4.182124523562151487e-05
-7.691625000000000822e-01 -4.251262001453903414e-05
-7.675499999999999545e-01 -4.321830453213435126e-05
-7.659375000000000488e-01 -4.393863077685868855e-05
-7.643250000000000322e-01 -4.467397946388378918e-05
-7.627125000000000155e-01 -4.542473096730089322e-05
-7.610999999999999988e-01 -4.619124886012401473e-05
-7.594875000000000931e-01 -4.697395950476236523e-05
-7.578750000000000764e-01 -4.777324980412654004e-05
-7.562625000000001707e-01 -4.858954320389871010e-05
-7.546500000000000430e-01 -4.942330365934832174e-05
-7.530375000000001373e-01 -5.027493736494797046e-05
-7.514250000000000096e-01 -5.114493854659099391e-05
-7.498124999999999929e-01 -5.203377071897137194e-05
-7.482000000000000872e-01 -5.294192374294049070e-05
-7.465874999999999595e-01 -5.386988725980221168e-05
-7.449750000000000538e-01 -5.481820334701301140e-05
-7.433624999999999261e-01 -5.578739757298073519e-05
-7.417500000000000204e-01 -5.677801743522786017e-05
-7.401375000000000037e-01 -5.779063749206074106e-05
-7.385250000000000981e-01 -5.882583245797131006e-05
-7.369125000000000814e-01 -5.988423261960044628e-05
-7.353000000000000647e-01 -6.096643430085328143e-05
-7.336875000000000480e-01 -6.207309655423867137e-05
-7.320750000000001423e-01 -6.320487740897677261e-05
-7.304625000000000146e-01 -6.436246488430626687e-05
-7.288500000000001089e-01 -6.554656019671106662e-05
-7.272374999999999812e-01 -6.675788835517156754e-05
-7.256249999999999645e-01 -6.799721243523005796e-05
-7.240125000000000588e-01 -6.926530391619968303e-05
-7.223999999999999311e-01 -7.056296695886687888e-05
-7.207875000000000254e-01 -7.189101866466573987e-05
-7.191750000000000087e-01 -7.325032638838661913e-05
-7.175625000000001030e-01 -7.464176483773948031e-05
-7.159500000000001974e-01 -7.606624446531463641e-05
-7.143375000000000696e-01 -7.752472279618545113e-05
-7.127250000000000529e-01 -7.901815866050970597e-05
-7.111125000000000362e-01 -8.054754821126251807e-05
-7.095000000000000195e-01 -8.211395135518906286e-05
-7.078875000000001139e-01 -8.371843199634580041e-05
-7.062749999999999861e-01 -8.536210167499742830e-05
-7.046625000000000805e-01 -8.704611366689407311e-05
-7.030499999999999527e-01 -8.877165683529120253e-05
-7.014374999999999361e-01 -9.053995178676159600e-05
-6.998250000000000304e-01 -9.235227330098341985e-05
-6.982125000000001247e-01 -9.420994989134555864e-05
-6.966000000000001080e-01 -9.611432259709402524e-05
-6.949874999999999803e-01 -9.806681400795304912e-05
-6.933750000000000746e-01 -1.000688690051817565e-04
-6.917625000000001689e-01 -1.021220174699690841e-04
-6.901500000000000412e-01 -1.042278180149523145e-04
-6.885375000000000245e-01 -1.063878772910425421e-04
-6.869250000000000078e-01 -1.086038905982944562e-04
-6.853124999999999911e-01 -1.108775824540486718e-04
-6.837000000000000854e-01 -1.132107665453547200e-04
-6.820874999999999577e-01 -1.156052995661469691e-04
-6.804750000000000520e-01 -1.180631311165424529e-04
-6.788625000000000353e-01 -1.205862466460060826e-04
-6.772500000000001297e-01 -1.231767556247338866e-04
-6.756375000000001130e-01 -1.258368006992620944e-04
-6.740250000000000963e-01 -1.285686191069448209e-04
-6.724125000000000796e-01 -1.313745470892935653e-04
-6.707999999999999519e-01 -1.342569846939078168e-04
-6.691875000000000462e-01 -1.372184419438351652e-04
-6.675750000000001405e-01 -1.402615122234638983e-04
-6.659625000000000128e-01 -1.433889003077303752e-04
-6.643499999999999961e-01 -1.466034119709868169e-04
-6.627374999999999794e-01 -1.499079488529136527e-04
-6.611249999999999627e-01 -1.533055455672547131e-04
-6.595125000000000570e-01 -1.567993458208471655e-04
-6.579000000000000403e-01 -1.603925993394481118e-04
-6.562875000000001346e-01 -1.640887377172165298e-04
-6.546750000000000069e-01 -1.678912663085275938e-04
-6.530625000000001013e-01 -1.718038663021599665e-04
-6.514500000000000846e-01 -1.758303650303827946e-04
-6.498375000000000679e-01 -1.799747414786711684e-04
-6.482250000000000512e-01 -1.842411287463188360e-04
-6.466124999999999234e-01 -1.886338398281384371e-04
-6.450000000000000178e-01 -1.931573713609963778e-04
-6.433875000000001121e-01 -1.978163811937365337e-04
-6.417749999999999844e-01 -2.026157490111057534e-04
-6.401624999999999677e-01 -2.075605427241471158e-04
-6.385499999999999510e-01 -2.126560472611550910e-04
-6.369375000000000453e-01 -2.179077828514887794e-04
-6.353250000000000286e-01 -2.233214835678640404e-04
-6.337125000000000119e-01 -2.289031483440658184e-04
-6.321000000000001062e-01 -2.346590340566226927e-04
-6.304874999999999785e-01 -2.405956628257868745e-04
-6.288750000000000728e-01 -2.467198361687848274e-04
-6.272625000000000561e-01 -2.530386688791558107e-04
-6.256500000000000394e-01 -2.595595782612981385e-04
-6.240375000000000227e-01 -2.662903235964457277e-04
-6.224250000000000060e-01 -2.732389994911011864e-04
-6.208125000000001004e-01 -2.804140827539165553e-04
-6.192000000000000837e-01 -2.878244073363631539e-04
-6.175874999999999559e-01 -2.954792431581773713e-04
-6.159750000000000503e-01 -3.033882604584070965e-04
-6.143625000000000336e-01 -3.115615800572983846e-04
-6.127500000000000169e-01 -3.200098124236423628e-04
-6.111375000000001112e-01 -3.287440371105606728e-04
-6.095249999999999835e-01 -3.377758793394749440e-04
-6.079125000000000778e-01 -3.471174988235370320e-04
-6.062999999999999501e-01 -3.567816522122640934e-04
-6.046875000000000444e-01 -3.667816879086292000e-04
-6.030750000000000277e-01 -3.771316275206610899e-04
-6.014625000000000110e-01 -3.878461517123141114e-04
-5.998500000000001053e-01 -3.989406667901108905e-04
-5.982374999999999776e-01 -4.104313415732699409e-04
-5.966250000000000719e-01 -4.223351585325024206e-04
-5.950125000000000552e-01 -4.346699303034116122e-04
-5.934000000000000385e-01 -4.474543898437336993e-04
-5.917875000000001329e-01 -4.607081954353758847e-04
-5.901750000000000052e-01 -4.744520272918410319e-04
-5.885624999999999885e-01 -4.887076301140598966e-04
-5.869500000000000828e-01 -5.034978618146397199e-04
-5.853374999999999551e-01 -5.188467942017465761e-04
-5.837250000000000494e-01 -5.347797406457042556e-04
-5.821125000000000327e-01 -5.513233826278294246e-04
-5.805000000000000160e-01 -5.685057973865719925e-04
-5.788875000000001103e-01 -5.863565886258346061e-04
-5.772749999999999826e-01 -6.049069631788251073e-04
-5.756625000000000769e-01 -6.241898139773274182e-04
-5.740500000000000602e-01 -6.442398717214257390e-04
-5.724375000000000435e-01 -6.650937627216105437e-04
-5.708250000000001378e-01 -6.867901665892680446e-04
-5.692125000000000101e-01 -7.093699428267986797e-04
-5.676000000000001044e-01 -7.328762775002069848e-04
-5.659874999999999767e-01 -7.573547847406909535e-04
-5.643749999999999600e-01 -7.828537514855545779e-04
-5.627625000000000544e-01 -8.094242416369202111e-04
-5.611500000000000377e-01 -8.371203226819908362e-04
-5.595375000000001320e-01 -8.659992328241357309e-04
-5.579250000000000043e-01 -8.961216243254794926e-04
-5.563124999999999876e-01 -9.275517936296206632e-04
-5.547000000000000819e-01 -9.603579173733733454e-04
-5.530875000000000652e-01 -9.946123182835555146e-04
-5.514750000000000485e-01 -1.030391800382372868e-03
-5.498625000000000318e-01 -1.067777899209993797e-03
-5.482500000000000151e-01 -1.106857255177871608e-03
-5.466375000000001094e-01 -1.147721998274985446e-03
-5.450249999999999817e-01 -1.190470092070323267e-03
-5.434125000000000760e-01 -1.235205816575363387e-03
-5.418000000000000593e-01 -1.282040197981845243e-03
-5.401875000000000426e-01 -1.331091519936434577e-03
-5.385750000000001370e-01 -1.382485873313633136e-03
-5.369625000000000092e-01 -1.436357750420675771e-03
-5.353500000000001036e-01 -1.492850674513159946e-03
-5.337374999999999758e-01 -1.552117905489455111e-03
-5.321250000000000702e-01 -1.614323199746296299e-03
-5.305125000000001645e-01 -1.679641634084301722e-03
-5.289000000000000368e-01 -1.748260502076379348e-03
-5.272875000000000201e-01 -1.820380315473214741e-03
-5.256750000000000034e-01 -1.896215838258260254e-03
-5.240624999999999867e-01 -1.975997281446944046e-03
-5.224500000000000810e-01 -2.059971570935711753e-03
-5.208375000000000643e-01 -2.148403747621985271e-03
-5.192250000000000476e-01 -2.241578495396653534e-03
-5.176125000000000309e-01 -2.339801810663772949e-03
-5.160000000000000142e-01 -2.443402845135588149e-03
-5.143875000000001085e-01 -2.552735925520850484e-03
-5.127750000000000918e-01 -2.668182772342846641e-03
-5.111624999999999641e-01 -2.790154922898952991e-03
-5.095500000000000584e-01 -2.919096438396118817e-03
-5.079375000000000417e-01 -3.055486849603722063e-03
-5.063250000000000250e-01 -3.199844444489469836e-03
-5.047125000000000083e-01 -3.352729863140094160e-03
-5.030999999999999917e-01 -3.514750098983979946e-03
-5.014875000000000860e-01 -3.686562925692294518e-03
-4.998750000000000693e-01 -3.868881810513930507e-03
-4.982625000000000526e-01 -4.062481348914317308e-03
-4.966499999999999804e-01 -4.268203355862904176e-03
-4.950374999999999637e-01 -4.486963582292381042e-03
-4.934250000000000025e-01 -4.719759274904557905e-03
-4.918125000000000413e-01 -4.967677555327102215e-03
-4.902000000000000246e-01 -5.231904853141830514e-03
-4.885875000000000079e-01 -5.513737419763962630e-03
-4.869749999999999912e-01 -5.814593188327938159e-03
-4.853625000000000300e-01 -6.136025068999628740e-03
-4.837500000000000133e-01 -6.479735951102903388e-03
-4.821375000000000521e-01 -6.847595624325626511e-03
-4.805250000000000354e-01 -7.241659965982043604e-03
-4.789125000000000187e-01 -7.664192676743016887e-03
-4.773000000000000576e-01 -8.117689986969208599e-03
-4.756875000000000409e-01 -8.604908872094061550e-03
-4.740750000000000242e-01 -9.128899272103861359e-03
-4.724625000000000630e-01 -9.693041052730406310e-03
-4.708499999999999908e-01 -1.030108657023653430e-02
-4.692375000000000851e-01 -1.095720975051608752e-02
-4.676250000000000129e-01 -1.166606306674888155e-02
-4.660124999999999962e-01 -1.243284373140987956e-02
-4.643999999999999795e-01 -1.326337118408476776e-02
-4.627875000000000183e-01 -1.416417799871023606e-02
-4.611750000000000571e-01 -1.514261719775584006e-02
-4.595625000000000404e-01 -1.620698962672815352e-02
-4.579500000000000237e-01 -1.736669595205017624e-02
-4.563375000000000070e-01 -1.863241926042350297e-02
-4.547249999999999903e-01 -2.001634580924702839e-02
-4.531125000000000291e-01 -2.153243394377490211e-02
-4.515000000000000679e-01 -2.319674405892513391e-02
-4.498875000000000512e-01 -2.502784695423428130e-02
-4.482750000000000346e-01 -2.704733354443434462e-02
-4.466624999999999623e-01 -2.928045710562349191e-02
-4.450500000000000567e-01 -3.175695063654979111e-02
-4.434374999999999845e-01 -3.451207833409034031e-02
-4.418250000000000788e-01 -3.758800380226160615e-02
-4.402125000000000066e-01 -4.103559258877331750e-02
-4.385999999999999899e-01 -4.491681892930672604e-02
-4.369875000000000287e-01 -4.930802602137671770e-02
-4.353750000000000120e-01 -5.430441243672520790e-02
-4.337624999999999953e-01 -6.002631196545152314e-02
-4.321500000000000341e-01 -6.662814739108383066e-02
-4.305375000000000174e-01 -7.431145158255728078e-02
-4.289250000000000562e-01 -8.334420225525576709e-02
-4.273125000000000395e-01 -9.409014845120658443e-02
-4.257000000000000228e-01 -1.070542039246013821e-01
-4.240875000000000061e-01 -1.229538773636114912e-01
-4.224750000000000449e-01 -1.428324111146049291e-01
-4.208625000000000838e-01 -1.682347512459149153e-01
-4.192500000000000671e-01 -2.014584265188052170e-01
-4.176375000000000504e-01 -2.458010545909112832e-01
-4.160249999999999782e-01 -3.052990707716781715e-01
-4.144124999999999615e-01 -3.820882832344450475e-01
-4.128000000000000003e-01 -4.684388094663108348e-01
-4.111875000000000391e-01 -5.416863610132724993e-01
-4.095750000000000224e-01 -5.847958643278223789e-01
-4.079625000000000057e-01 -6.036267284101874964e-01
-4.063499999999999890e-01 -6.108167558670327679e-01
-4.047375000000000278e-01 -6.132091565155644020e-01
-4.031250000000000111e-01 -6.137421625835784988e-01
-4.015125000000000499e-01 -6.140594206585868742e-01
-3.999000000000000332e-01 -6.142142375781589614e-01
-3.982875000000000165e-01 -6.145119411173416424e-01
-3.966750000000000553e-01 -6.149687993884322967e-01
-3.950625000000000386e-01 -6.150816152002066550e-01
-3.934500000000000219e-01 -6.153477244881198072e-01
-3.918375000000000608e-01 -6.155838106281452671e-01
-3.902250000000000441e-01 -6.155898258127170397e-01
-3.886125000000000829e-01 -6.160019610328468787e-01
-3.870000000000000107e-01 -6.165242244666878646e-01
-3.853874999999999940e-01 -6.172850194210099950e-01
-3.837749999999999773e-01 -6.181690067398761812e-01
-3.821624999999999606e-01 -6.182583457729523557e-01
-3.805499999999999994e-01 -6.186893881260948636e-01
-3.789375000000000382e-01 -6.205970138628980060e-01
-3.773250000000000215e-01 -6.234008315384120813e-01
-3.757125000000000048e-01 -6.219357448623151763e-01
-3.740999999999999881e-01 -6.008413230447884334e-01
-3.724875000000000269e-01 -5.446684726920425490e-01
-3.708750000000000102e-01 -4.573617390465672949e-01
-3.692625000000000490e-01 -3.615156663931758385e-01
-3.676500000000000323e-01 -2.753573517143768079e-01
-3.660374999999999601e-01 -2.037433393988796471e-01
-3.644250000000000544e-01 -1.443340841418869758e-01
-3.628124999999999822e-01 -9.335296399545750523e-02
-3.611999999999999655e-01 -4.766464433016474878e-02
-3.595875000000000044e-01 -5.153494153279824380e-03
-3.579749999999999877e-01 3.558125083845252445e-02
-3.563625000000000265e-01 7.578660959982429224e-02
-3.547500000000000098e-01 1.167963917680431563e-01
-3.531374999999999931e-01 1.600330279435884240e-01
-3.515249999999999764e-01 2.070319962337281161e-01
-3.499125000000000152e-01 2.594899774088222921e-01
-3.483000000000000540e-01 3.194078640998790908e-01
-3.466875000000000373e-01 3.896434125631091372e-01
-3.450750000000000206e-01 4.747234247035410082e-01
-3.434625000000000039e-01 5.812622209089522984e-01
-3.418499999999999317e-01 7.176289288125803356e-01
-3.402375000000000260e-01 8.909899323911782965e-01
-3.386250000000000648e-01 1.097151002338424552e+00
-3.370125000000000481e-01 1.304464812792764494e+00
-3.353999999999999759e-01 1.461739746519532090e+00
-3.337874999999999592e-01 1.547092962870966648e+00
-3.321749999999999980e-01 1.581320569858594371e+00
-3.305624999999999813e-01 1.593041361112350618e+00
-3.289500000000000202e-01 1.596383077705462394e+00
-3.273375000000000035e-01 1.596900215908535925e+00
-3.257249999999999868e-01 1.597786873323101098e+00
-3.241125000000000256e-01 1.597949216486957091e+00
-3.225000000000000089e-01 1.597456119003404451e+00
-3.208874999999999922e-01 1.597897085070535628e+00
-3.192749999999999755e-01 1.597699580910674433e+00
-3.176625000000000143e-01 1.596790187505036096e+00
-3.160500000000000531e-01 1.596259408879649788e+00
-3.144375000000000364e-01 1.592917724868277984e+00
-3.128250000000000197e-01 1.581167836073072763e+00
-3.112125000000000030e-01 1.546732419104655865e+00
-3.095999999999999863e-01 1.460631934045262259e+00
-3.079875000000000251e-01 1.301306958016241300e+00
-3.063750000000000084e-01 1.089701527942578796e+00
-3.047624999999999917e-01 8.769067756041637463e-01
-3.031499999999999750e-01 6.954015813469779372e-01
-3.015375000000000139e-01 5.500824970940866310e-01
-2.999250000000000527e-01 4.339912290450976817e-01
-2.983125000000000360e-01 3.386929531729924725e-01
-2.967000000000000193e-01 2.574519030732941860e-01
-2.950875000000000026e-01 1.856695335147857118e-01
-2.934749999999999859e-01 1.203889165545148909e-01
-2.918625000000000247e-01 5.933718232049566693e-02
-2.902500000000000080e-01 3.741573014528745060e-04
-2.886374999999999913e-01 -5.859880315666797512e-02
-2.870250000000000301e-01 -1.196801562753506271e-01
-2.854125000000000134e-01 -1.850091630995681080e-01
-2.838000000000000522e-01 -2.568564382102617727e-01
-2.821874999999999800e-01 -3.381757517478957142e-01
-2.805750000000000188e-01 -4.335624370246910497e-01
-2.789625000000000021e-01 -5.497473445296381378e-01
-2.773499999999999854e-01 -6.951546791899665401e-01
-2.757375000000000242e-01 -8.767215419553929801e-01
-2.741250000000000075e-01 -1.089519764377345545e+00
-2.725124999999999909e-01 -1.301054252145979584e+00
-2.709000000000000297e-01 -1.460284598426030422e+00
-2.692874999999999575e-01 -1.546358110785088114e+00
-2.676750000000000518e-01 -1.580847782108548039e+00
-2.660625000000000351e-01 -1.592658122184747116e+00
-2.644500000000000184e-01 -1.596005805567030977e+00
-2.628375000000000017e-01 -1.596486216602085229e+00
-2.612250000000000405e-01 -1.597329438834393489e+00
-2.596124999999999683e-01 -1.597484805577360945e+00
-2.580000000000000071e-01 -1.597020589295139903e+00
-2.563874999999999349e-01 -1.597496473225207270e+00
-2.547749999999999737e-01 -1.597344962609344110e+00
-2.531625000000000680e-01 -1.596499443450885680e+00
-2.515499999999999958e-01 -1.596019409342025241e+00
-2.499375000000000346e-01 -1.592682738973050238e+00
-2.483249999999999624e-01 -1.580896734861476194e+00
-2.467125000000000012e-01 -1.546433156755487426e+00
-2.451000000000000678e-01 -1.460366333443796405e+00
-2.434874999999999678e-01 -1.301120903863825173e+00
-2.418750000000000067e-01 -1.089566457357633578e+00
-2.402624999999999345e-01 -8.767542378774644263e-01
-2.386500000000000010e-01 -6.951779467382090960e-01
-2.370375000000000398e-01 -5.497612030874522437e-01
-2.354249999999999676e-01 -4.335634800112548315e-01
-2.338125000000000064e-01 -3.381583577162382559e-01
-2.321999999999999620e-01 -2.568134629889575749e-01
-2.305875000000000008e-01 -1.849321350476931247e-01
-2.289750000000000396e-01 -1.195588552811137628e-01
-2.273624999999999952e-01 -5.842062432749209333e-02
-2.257500000000000340e-01 6.246047448279839695e-04
-2.241374999999999340e-01 5.967837416907877113e-02
-2.225249999999999728e-01 1.208426824514732822e-01
-2.209125000000000394e-01 1.862610598272723961e-01
-2.192999999999999672e-01 2.582096155402174853e-01
-2.176875000000000060e-01 3.396497262942704265e-01
-2.160749999999999615e-01 4.351872145089124566e-01
-2.144625000000000004e-01 5.515668286119175256e-01
-2.128500000000000392e-01 6.972304837386440468e-01
-2.112374999999999670e-01 8.791356756400567907e-01
-2.096250000000000335e-01 1.092370014285197755e+00
-2.080124999999999613e-01 1.304421997740124795e+00
-2.064000000000000001e-01 1.464160086603523148e+00
-2.047875000000000667e-01 1.550619993588123080e+00
-2.031749999999999667e-01 1.585350415255827539e+00
-2.015625000000000056e-01 1.597293072375264078e+00
-1.999499999999999333e-01 1.600711030260720147e+00
-1.983374999999999999e-01 1.601230187611231814e+00
-1.967250000000000387e-01 1.602091779049719555e+00
-1.951124999999999665e-01 1.602251027192588717e+00
-1.935000000000000053e-01 1.601781315218236523e+00
-1.918874999999999609e-01 1.602247811516003484e+00
-1.902749999999999997e-01 1.602087309724469888e+00
-1.886625000000000385e-01 1.601225880485996456e+00
-1.870499999999999385e-01 1.600705955323010299e+00
-1.854375000000000051e-01 1.597284119594159169e+00
-1.838249999999999329e-01 1.585333108376014932e+00
-1.822124999999999717e-01 1.550591777221517642e+00
-1.806000000000000383e-01 1.464122666044597620e+00
-1.789874999999999661e-01 1.304375970748385960e+00
-1.773750000000000049e-01 1.092310522212848412e+00
-1.757624999999999604e-01 8.790558567867249318e-01
-1.741499999999999992e-01 6.971253234699071877e-01
-1.725375000000000381e-01 5.514332869969886808e-01
-1.709249999999999658e-01 4.350231407484783652e-01
-1.693125000000000324e-01 3.394531094129951687e-01
-1.676999999999999325e-01 2.579783556822868307e-01
-1.660874999999999713e-01 1.859930955378538975e-01
-1.644750000000000101e-01 1.205359196622903251e-01
-1.628624999999999656e-01 5.933013011515477636e-02
-1.612500000000000044e-01 2.310425161602183686e-04
-1.596374999999999322e-01 -5.886485636785829950e-02
-1.580249999999999988e-01 -1.200609109513947337e-01
-1.564125000000000376e-01 -1.855012576481103737e-01
-1.547999999999999654e-01 -2.574614465071687341e-01
-1.531875000000000042e-01 -3.389007215703032094e-01
-1.515749999999999320e-01 -4.344214748452624453e-01
-1.499624999999999708e-01 -5.507639592983297749e-01
-1.483500000000000374e-01 -6.963642130780832717e-01
-1.467374999999999652e-01 -8.781725675086266003e-01
-1.451250000000000040e-01 -1.091270517435631415e+00
-1.435124999999999318e-01 -1.303151320038212990e+00
-1.418999999999999706e-01 -1.462715166992790694e+00
-1.402875000000000372e-01 -1.549038257302884247e+00
-1.386749999999999650e-01 -1.583680233090646983e+00
-1.370625000000000038e-01 -1.595572730096971092e+00
-1.354499999999999593e-01 -1.598964221593966339e+00
-1.338374999999999981e-01 -1.599469691892962953e+00
-1.322250000000000369e-01 -1.600325340626101767e+00
-1.306124999999999647e-01 -1.600483321171046525e+00
-1.290000000000000036e-01 -1.600015087715138229e+00
-1.273874999999999313e-01 -1.600484370353266073e+00
-1.257749999999999979e-01 -1.600326800346217215e+00
-1.241625000000000367e-01 -1.599471102007921974e+00
-1.225499999999999506e-01 -1.598965875278287374e+00
-1.209375000000000033e-01 -1.595575602826422967e+00
-1.193249999999999450e-01 -1.583685735230757174e+00
-1.177124999999999838e-01 -1.549047217203628479e+00
-1.161000000000000365e-01 -1.462727090722354628e+00
-1.144874999999999643e-01 -1.303166076851593136e+00
-1.128750000000000170e-01 -1.091289700998625767e+00
-1.112624999999999309e-01 -8.781983922214892102e-01
-1.096499999999999836e-01 -6.963982986905911110e-01
-1.080375000000000224e-01 -5.508072980184473000e-01
-1.064249999999999641e-01 -4.344747813206070730e-01
-1.048125000000000168e-01 -3.389646725758710955e-01
-1.031999999999999307e-01 -2.575367531028467938e-01
-1.015874999999999834e-01 -1.855886228341582234e-01
-9.997500000000002218e-02 -1.201610543532109776e-01
-9.836249999999996385e-02 -5.897869751257218268e-02
-9.675000000000000266e-02 1.021989070233776155e-04
-9.513749999999993046e-02 5.918447580817292469e-02
-9.352499999999996927e-02 1.203710487379530680e-01
-9.191250000000002196e-02 1.858059114138765899e-01
-9.029999999999996363e-02 2.577649225474019090e-01
-8.868750000000000244e-02 3.392082665263682628e-01
-8.707499999999994411e-02 4.347398379331997020e-01
-8.546249999999998292e-02 5.511018747843018373e-01
-8.385000000000003562e-02 6.967329866053147969e-01
-8.223749999999994953e-02 8.785865695269311493e-01
-8.062500000000000222e-02 1.091746614565711537e+00
-7.901249999999994389e-02 1.303704092224972522e+00
-7.739999999999998270e-02 1.463345396916637897e+00
-7.578750000000003539e-02 1.549729421225609638e+00
-7.417499999999996319e-02 1.584411145164298151e+00
-7.256250000000000200e-02 1.596326338770103437e+00
-7.094999999999994367e-02 1.599729767485032594e+00
-6.933749999999998248e-02 1.600241337318730972e+00
-6.772500000000002129e-02 1.601099620466014839e+00
-6.611249999999996296e-02 1.601258276882012277e+00
-6.450000000000000178e-02 1.600789651357361620e+00
-6.288749999999992957e-02 1.601257962030114168e+00
-6.127499999999997532e-02 1.601099182331820137e+00
-5.966250000000002107e-02 1.600240912574978358e+00
-5.804999999999996274e-02 1.599729263710125693e+00
-5.643750000000000849e-02 1.596325454536702049e+00
-5.482499999999993628e-02 1.584409447224004008e+00
-5.321249999999998204e-02 1.549726660833812275e+00
-5.160000000000002779e-02 1.463341738178029816e+00
-4.998749999999996252e-02 1.303699591361578536e+00
-4.837500000000000133e-02 1.091740796620454867e+00
-4.676249999999993606e-02 8.785787639434408103e-01
-4.514999999999998181e-02 6.967227019799939747e-01
-4.353750000000002757e-02 5.510888112132996675e-01
-4.192499999999995536e-02 4.347237812765302190e-01
-4.031250000000000111e-02 3.391890154073023966e-01
-3.869999999999993584e-02 2.577422661725331521e-01
-3.708749999999998159e-02 1.857796419966592505e-01
-3.547500000000002734e-02 1.203409543193006415e-01
-3.386249999999995514e-02 5.915028528288113902e-02
-3.225000000000000089e-02 6.352629375316228553e-05
-3.063749999999993562e-02 -5.902238842277417186e-02
-2.902499999999998137e-02 -1.202104784451975411e-01
-2.741250000000002712e-02 -1.856447015796787170e-01
-2.579999999999995838e-02 -2.576006594112988379e-01
-2.418750000000000067e-02 -3.390379464612131577e-01
-2.257499999999993193e-02 -4.345595283771292450e-01
-2.096249999999997768e-02 -5.509064019822791369e-01
-1.935000000000002343e-02 -6.965155917671205232e-01
-1.773749999999995469e-02 -8.783386709291682859e-01
-1.612500000000000044e-02 -1.091458258962132444e+00
-1.451249999999993344e-02 -1.303366915531124048e+00
-1.289999999999997919e-02 -1.462959426228464199e+00
-1.128750000000002321e-02 -1.549304936947025979e+00
-9.674999999999954470e-03 -1.583961183503443504e+00
-8.062500000000000222e-03 -1.595861674561664723e+00
-6.449999999999932350e-03 -1.599257406069861442e+00
-4.837499999999977235e-03 -1.599765124087888735e+00
-3.225000000000022987e-03 -1.600621770450388670e+00
-1.612499999999954465e-03 -1.600779895303774403e+00
0.000000000000000000e+00 -1.600311246339294557e+00
1.612500000000000001e-03 -1.600779895303774403e+00
3.225000000000000002e-03 -1.600621770450388670e+00
4.837500000000000654e-03 -1.599765124087888735e+00
6.450000000000000004e-03 -1.599257406069861442e+00
8.062500000000000222e-03 -1.595861674561664723e+00
9.675000000000001307e-03 -1.583961183503443504e+00
1.128750000000000239e-02 -1.549304936947025979e+00
1.290000000000000001e-02 -1.462959426228464199e+00
1.451249999999999936e-02 -1.303366915531124048e+00
1.612500000000000044e-02 -1.091458258962132444e+00
1.773750000000000326e-02 -8.783386709291682859e-01
1.935000000000000261e-02 -6.965155917671205232e-01
2.096249999999999850e-02 -5.509064019822791369e-01
2.257500000000000479e-02 -4.345595283771292450e-01
2.418750000000000067e-02 -3.390379464612131577e-01
2.580000000000000002e-02 -2.576006594112988379e-01
2.741249999999999937e-02 -1.856447015796787170e-01
2.902499999999999872e-02 -1.202104784451975411e-01
3.063750000000000154e-02 -5.902238842277417186e-02
3.225000000000000089e-02 6.352629375316228553e-05
3.386250000000000371e-02 5.902238842277417186e-02
3.547500000000000653e-02 1.202104784451975411e-01
3.708750000000000241e-02 1.856447015796787170e-01
3.870000000000000523e-02 2.576006594112988379e-01
4.031250000000000111e-02 3.390379464612131577e-01
4.192499999999999699e-02 4.345595283771292450e-01
4.353749999999999981e-02 5.509064019822791369e-01
4.515000000000000957e-02 6.965155917671205232e-01
4.676250000000000545e-02 8.783386709291682859e-01
4.837500000000000133e-02 1.091458258962132444e+00
4.998750000000000415e-02 1.303366915531124048e+00
5.160000000000000003e-02 1.462959426228464199e+00
5.321250000000000285e-02 1.549304936947025979e+00
5.482499999999999873e-02 1.583961183503443504e+00
5.643750000000000155e-02 1.595861674561664723e+00
5.804999999999999744e-02 1.599257406069861442e+00
5.966250000000000719e-02 1.599765124087888735e+00
6.127500000000000308e-02 1.600621770450388670e+00
6.288749999999999896e-02 1.600779895303774403e+00
6.450000000000000178e-02 1.600311246339294557e+00
6.611250000000000460e-02 1.600779895303774403e+00
6.772500000000000742e-02 1.600621770450388670e+00
6.933749999999999636e-02 1.599765124087888735e+00
7.095000000000001306e-02 1.599257406069861442e+00
7.256250000000000200e-02 1.595861674561664723e+00
7.417500000000000482e-02 1.583961183503443504e+00
7.578750000000000764e-02 1.549304936947025979e+00
7.740000000000001046e-02 1.462959426228464199e+00
7.901249999999999940e-02 1.303366915531124048e+00
8.062500000000000222e-02 1.091458258962132444e+00
8.223750000000000504e-02 8.783386709291682859e-01
8.384999999999999398e-02 6.965155917671205232e-01
8.546250000000001068e-02 5.509064019822791369e-01
8.707499999999999962e-02 4.345595283771292450e-01
8.868750000000000244e-02 3.390379464612131577e-01
9.030000000000001914e-02 2.576006594112988379e-01
9.191250000000000808e-02 1.856447015796787170e-01
9.352500000000001090e-02 1.202104784451975411e-01
9.513749999999999984e-02 5.902238842277417186e-02
9.675000000000000266e-02 6.352629375316228553e-05
9.836250000000000548e-02 -5.902238842277417186e-02
9.997500000000000830e-02 -1.202104784451975411e-01
1.015874999999999972e-01 -1.856447015796787170e-01
1.032000000000000001e-01 -2.576006594112988379e-01
1.048125000000000168e-01 -3.390379464612131577e-01
1.064250000000000057e-01 -4.345595283771292450e-01
1.080375000000000085e-01 -5.509064019822791369e-01
1.096499999999999975e-01 -6.965155917671205232e-01
1.112625000000000142e-01 -8.783386709291682859e-01
1.128750000000000031e-01 -1.091458258962132444e+00
1.144875000000000059e-01 -1.303366915531124048e+00
1.160999999999999949e-01 -1.462959426228464199e+00
1.177124999999999977e-01 -1.549304936947025979e+00
1.193250000000000144e-01 -1.583961183503443504e+00
1.209375000000000033e-01 -1.595861674561664723e+00
1.225500000000000062e-01 -1.599257406069861442e+00
1.241624999999999951e-01 -1.599765124087888735e+00
1.257749999999999979e-01 -1.600621770450388670e+00
1.273874999999999869e-01 -1.600779895303774403e+00
1.290000000000000036e-01 -1.600311246339294557e+00
1.306125000000000758e-01 -1.600779895303774403e+00
1.322250000000000092e-01 -1.600621770450388670e+00
1.338374999999999704e-01 -1.599765124087888735e+00
1.354500000000000426e-01 -1.599257406069861442e+00
1.370625000000000038e-01 -1.595861674561664723e+00
1.386750000000000760e-01 -1.583961183503443504e+00
1.402875000000000372e-01 -1.549304936947025979e+00
1.418999999999999706e-01 -1.462959426228464199e+00
1.435125000000000706e-01 -1.303366915531124048e+00
1.451250000000000040e-01 -1.091458258962132444e+00
1.467375000000000762e-01 -8.783386709291682859e-01
1.483500000000000374e-01 -6.965155917671205232e-01
1.499624999999999708e-01 -5.509064019822791369e-01
1.515750000000000708e-01 -4.345595283771292450e-01
1.531875000000000042e-01 -3.390379464612131577e-01
1.548000000000000764e-01 -2.576006594112988379e-01
1.564125000000000376e-01 -1.856447015796787170e-01
1.580249999999999988e-01 -1.202104784451975411e-01
1.596375000000000433e-01 -5.902238842277417186e-02
1.612500000000000044e-01 6.352629375316228553e-05
1.628625000000000766e-01 5.915028528288113902e-02
1.644750000000000101e-01 1.203409543193006415e-01
1.660874999999999713e-01 1.857796419966592505e-01
1.677000000000000435e-01 2.577422661725331521e-01
1.693124999999999769e-01 3.391890154073023966e-01
1.709250000000000769e-01 4.347237812765302190e-01
1.725375000000000381e-01 5.510888112132996675e-01
1.741499999999999992e-01 6.967227019799939747e-01
1.757625000000000437e-01 8.785787639434408103e-01
1.773750000000000049e-01 1.091740796620454867e+00
1.789875000000000771e-01 1.303699591361578536e+00
1.806000000000000383e-01 1.463341738178029816e+00
1.822124999999999717e-01 1.549726660833812275e+00
1.838250000000000717e-01 1.584409447224004008e+00
1.854375000000000329e-01 1.596325454536702049e+00
1.870500000000000496e-01 1.599729263710125693e+00
1.886625000000000107e-01 1.600240912574978358e+00
1.902749999999999719e-01 1.601099182331820137e+00
1.918875000000000719e-01 1.601257962030114168e+00
1.935000000000000053e-01 1.600789651357361620e+00
1.951125000000000775e-01 1.601258276882012277e+00
1.967250000000000387e-01 1.601099620466014839e+00
1.983374999999999999e-01 1.600241337318730972e+00
1.999500000000000444e-01 1.599729767485032594e+00
2.015625000000000056e-01 1.596326338770103437e+00
2.031750000000001055e-01 1.584411145164298151e+00
2.047875000000000667e-01 1.549729421225609638e+00
2.064000000000000001e-01 1.463345396916637897e+00
2.080125000000000446e-01 1.303704092224972522e+00
2.096249999999999780e-01 1.091746614565711537e+00
2.112375000000000780e-01 8.785865695269311493e-01
2.128500000000000392e-01 6.967329866053147969e-01
2.144625000000000004e-01 5.511018747843018373e-01
2.160750000000000448e-01 4.347398379331997020e-01
2.176875000000000060e-01 3.392082665263682628e-01
2.193000000000000782e-01 2.577649225474019090e-01
2.209125000000000394e-01 1.858059114138765899e-01
2.225249999999999728e-01 1.203710487379530680e-01
2.241375000000000728e-01 5.918447580817292469e-02
2.257500000000000340e-01 1.021989070233776155e-04
2.273625000000000507e-01 -5.897869751257218268e-02
2.289750000000000119e-01 -1.201610543532109776e-01
2.305874999999999730e-01 -1.855886228341582234e-01
2.322000000000000730e-01 -2.575367531028467938e-01
2.338125000000000064e-01 -3.389646725758710955e-01
2.354250000000000786e-01 -4.344747813206070730e-01
2.370375000000000398e-01 -5.508072980184473000e-01
2.386500000000000010e-01 -6.963982986905911110e-01
2.402625000000000455e-01 -8.781983922214892102e-01
2.418750000000000067e-01 -1.091289700998625767e+00
2.434875000000001066e-01 -1.303166076851593136e+00
2.451000000000000678e-01 -1.462727090722354628e+00
2.467125000000000012e-01 -1.549047217203628479e+00
2.483250000000000457e-01 -1.583685735230757174e+00
2.499374999999999791e-01 -1.595575602826422967e+00
2.515500000000001068e-01 -1.598965875278287374e+00
2.531625000000000680e-01 -1.599471102007921974e+00
2.547749999999999737e-01 -1.600326800346217215e+00
2.563875000000000459e-01 -1.600484370353266073e+00
2.580000000000000071e-01 -1.600015087715138229e+00
2.596125000000000793e-01 -1.600483321171046525e+00
2.612250000000000405e-01 -1.600325340626101767e+00
2.628375000000000017e-01 -1.599469691892962953e+00
2.644500000000000739e-01 -1.598964221593966339e+00
2.660625000000000351e-01 -1.595572730096971092e+00
2.676750000000000518e-01 -1.583680233090646983e+00
2.692875000000000130e-01 -1.549038257302884247e+00
2.708999999999999742e-01 -1.462715166992790694e+00
2.725125000000000464e-01 -1.303151320038212990e+00
2.741250000000000075e-01 -1.091270517435631415e+00
2.757375000000000798e-01 -8.781725675086266003e-01
2.773500000000000409e-01 -6.963642130780832717e-01
2.789625000000000021e-01 -5.507639592983297749e-01
2.805750000000000743e-01 -4.344214748452624453e-01
2.821874999999999800e-01 -3.389007215703032094e-01
2.838000000000001077e-01 -2.574614465071687341e-01
2.854125000000000689e-01 -1.855012576481103737e-01
2.870250000000000301e-01 -1.200609109513947337e-01
2.886375000000000468e-01 -5.886485636785829950e-02
2.902500000000000080e-01 2.310425161602183686e-04
2.918625000000000802e-01 5.933013011515477636e-02
2.934750000000000414e-01 1.205359196622903251e-01
2.950875000000000026e-01 1.859930955378538975e-01
2.967000000000000748e-01 2.579783556822868307e-01
2.983125000000000360e-01 3.394531094129951687e-01
2.999250000000000527e-01 4.350231407484783652e-01
3.015375000000000139e-01 5.514332869969886808e-01
3.031499999999999750e-01 6.971253234699071877e-01
3.047625000000001028e-01 8.790558567867249318e-01
3.063750000000000084e-01 1.092310522212848412e+00
3.079875000000000806e-01 1.304375970748385960e+00
3.096000000000000418e-01 1.464122666044597620e+00
3.112124999999999475e-01 1.550591777221517642e+00
3.128250000000000752e-01 1.585333108376014932e+00
3.144375000000000364e-01 1.597284119594159169e+00
3.160500000000001086e-01 1.600705955323010299e+00
3.176625000000000698e-01 1.601225880485996456e+00
3.192750000000000310e-01 1.602087309724469888e+00
3.208875000000000477e-01 1.602247811516003484e+00
3.225000000000000089e-01 1.601781315218236523e+00
3.241125000000000811e-01 1.602251027192588717e+00
3.257250000000000423e-01 1.602091779049719555e+00
3.273375000000000035e-01 1.601230187611231814e+00
3.289500000000000202e-01 1.600711030260720147e+00
3.305624999999999813e-01 1.597293072375264078e+00
3.321750000000001091e-01 1.585350415255827539e+00
3.337875000000000703e-01 1.550619993588123080e+00
3.353999999999999759e-01 1.464160086603523148e+00
3.370125000000001037e-01 1.304421997740124795e+00
3.386250000000000648e-01 1.092370014285197755e+00
3.402375000000000815e-01 8.791356756400567907e-01
3.418500000000000427e-01 6.972304837386440468e-01
3.434625000000000039e-01 5.515668286119175256e-01
3.450750000000000761e-01 4.351872145089124566e-01
3.466875000000000373e-01 3.396497262942704265e-01
3.483000000000000540e-01 2.582096155402174853e-01
3.499125000000000152e-01 1.862610598272723961e-01
3.515249999999999764e-01 1.208426824514732822e-01
3.531375000000000486e-01 5.967837416907877113e-02
3.547500000000000098e-01 6.246047448279839695e-04
3.563625000000001375e-01 -5.842062432749209333e-02
3.579750000000000987e-01 -1.195588552811137628e-01
3.595875000000000044e-01 -1.849321350476931247e-01
3.612000000000000766e-01 -2.568134629889575749e-01
3.628124999999999822e-01 -3.381583577162382559e-01
3.644250000000001100e-01 -4.335634800112548315e-01
3.660375000000000711e-01 -5.497612030874522437e-01
3.676500000000000323e-01 -6.951779467382090960e-01
3.692625000000000490e-01 -8.767542378774644263e-01
3.708750000000000102e-01 -1.089566457357633578e+00
3.724875000000000824e-01 -1.301120903863825173e+00
3.741000000000000436e-01 -1.460366333443796405e+00
3.757125000000000048e-01 -1.546433156755487426e+00
3.773250000000000770e-01 -1.580896734861476194e+00
3.789375000000000382e-01 -1.592682738973050238e+00
3.805499999999999994e-01 -1.596019409342025241e+00
3.821625000000001826e-01 -1.596499443450885680e+00
3.837750000000001438e-01 -1.597344962609344110e+00
3.853875000000001050e-01 -1.597496473225207270e+00
3.870000000000000107e-01 -1.597020589295139903e+00
3.886124999999999718e-01 -1.597484805577360945e+00
3.902250000000001551e-01 -1.597329438834393489e+00
3.918375000000001163e-01 -1.596486216602085229e+00
3.934500000000000774e-01 -1.596005805567030977e+00
3.950625000000000386e-01 -1.592658122184747116e+00
3.966749999999999998e-01 -1.580847782108548039e+00
3.982875000000001275e-01 -1.546358110785088114e+00
3.999000000000000887e-01 -1.460284598426030422e+00
4.015125000000000499e-01 -1.301054252145979584e+00
4.031250000000000111e-01 -1.089519764377345545e+00
4.047374999999999723e-01 -8.767215419553929801e-01
4.063500000000001555e-01 -6.951546791899665401e-01
4.079625000000000612e-01 -5.497473445296381378e-01
4.095750000000000224e-01 -4.335624370246910497e-01
4.111874999999999836e-01 -3.381757517478957142e-01
4.127999999999999448e-01 -2.568564382102617727e-01
4.144125000000001835e-01 -1.850091630995681080e-01
4.160250000000001447e-01 -1.196801562753506271e-01
4.176375000000001059e-01 -5.859880315666797512e-02
4.192500000000000671e-01 3.741573014528745060e-04
4.208625000000000282e-01 5.933718232049566693e-02
4.224750000000001560e-01 1.203889165545148909e-01
4.240875000000001172e-01 1.856695335147857118e-01
4.257000000000000783e-01 2.574519030732941860e-01
4.273125000000000395e-01 3.386929531729924725e-01
4.289250000000000007e-01 4.339912290450976817e-01
4.305375000000001839e-01 5.500824970940866310e-01
4.321500000000000896e-01 6.954015813469779372e-01
4.337625000000000508e-01 8.769067756041637463e-01
4.353750000000000120e-01 1.089701527942578796e+00
4.369874999999999732e-01 1.301306958016241300e+00
4.386000000000001564e-01 1.460631934045262259e+00
4.402125000000001176e-01 1.546732419104655865e+00
4.418250000000000788e-01 1.581167836073072763e+00
4.434374999999999845e-01 1.592917724868277984e+00
4.450499999999999456e-01 1.596259408879649788e+00
4.466625000000001289e-01 1.596790187505036096e+00
4.482750000000000901e-01 1.597699580910674433e+00
4.498875000000000512e-01 1.597897085070535628e+00
4.515000000000000124e-01 1.597456119003404451e+00
4.531124999999999736e-01 1.597949216486957091e+00
4.547250000000001013e-01 1.597786873323101098e+00
4.563375000000000625e-01 1.596900215908535925e+00
4.579500000000000237e-01 1.596383077705462394e+00
4.595624999999999849e-01 1.593041361112350618e+00
4.611749999999999461e-01 1.581320569858594371e+00
4.627875000000001848e-01 1.547092962870966648e+00
4.644000000000001460e-01 1.461739746519532090e+00
4.660125000000001072e-01 1.304464812792764494e+00
4.676250000000000129e-01 1.097151002338424552e+00
4.692374999999999741e-01 8.909899323911782965e-01
4.708500000000001573e-01 7.176289288125803356e-01
4.724625000000001185e-01 5.812622209089522984e-01
4.740750000000000797e-01 4.747234247035410082e-01
4.756875000000000409e-01 3.896434125631091372e-01
4.773000000000000020e-01 3.194078640998790908e-01
4.789125000000001298e-01 2.594899774088222921e-01
4.805250000000000909e-01 2.070319962337281161e-01
4.821375000000000521e-01 1.600330279435884240e-01
4.837500000000000133e-01 1.167963917680431563e-01
4.853624999999999745e-01 7.578660959982429224e-02
4.869750000000001577e-01 3.558125083845252445e-02
4.885875000000000634e-01 -5.153494153279824380e-03
4.902000000000000246e-01 -4.766464433016474878e-02
4.918124999999999858e-01 -9.335296399545750523e-02
4.934249999999999470e-01 -1.443340841418869758e-01
4.950375000000001302e-01 -2.037433393988796471e-01
4.966500000000000914e-01 -2.753573517143768079e-01
4.982625000000000526e-01 -3.615156663931758385e-01
4.998749999999999583e-01 -4.573617390465672949e-01
5.014874999999999750e-01 -5.446684726920425490e-01
5.031000000000002137e-01 -6.008413230447884334e-01
5.047125000000001194e-01 -6.219357448623151763e-01
5.063250000000001361e-01 -6.234008315384120813e-01
5.079375000000000417e-01 -6.205970138628980060e-01
5.095499999999999474e-01 -6.186893881260948636e-01
5.111625000000001862e-01 -6.182583457729523557e-01
5.127750000000000918e-01 -6.181690067398761812e-01
5.143875000000001085e-01 -6.172850194210099950e-01
5.160000000000000142e-01 -6.165242244666878646e-01
5.176125000000000309e-01 -6.160019610328468787e-01
5.192250000000001586e-01 -6.155898258127170397e-01
5.208375000000000643e-01 -6.155838106281452671e-01
5.224500000000000810e-01 -6.153477244881198072e-01
5.240624999999999867e-01 -6.150816152002066550e-01
5.256750000000000034e-01 -6.149687993884322967e-01
5.272875000000001311e-01 -6.145119411173416424e-01
5.289000000000000368e-01 -6.142142375781589614e-01
5.305125000000000535e-01 -6.140594206585868742e-01
5.321249999999999591e-01 -6.137421625835784988e-01
5.337374999999999758e-01 -6.132091565155644020e-01
5.353500000000002146e-01 -6.108167558670327679e-01
5.369625000000001203e-01 -6.036267284101874964e-01
5.385750000000001370e-01 -5.847958643278223789e-01
5.401875000000000426e-01 -5.416863610132724993e-01
5.418000000000000593e-01 -4.684388094663108348e-01
5.434125000000001871e-01 -3.820882832344450475e-01
5.450250000000000927e-01 -3.052990707716781715e-01
5.466375000000001094e-01 -2.458010545909112832e-01
5.482500000000000151e-01 -2.014584265188052170e-01
5.498625000000000318e-01 -1.682347512459149153e-01
5.514750000000001595e-01 -1.428324111146049291e-01
5.530875000000000652e-01 -1.229538773636114912e-01
5.547000000000000819e-01 -1.070542039246013821e-01
5.563124999999999876e-01 -9.409014845120658443e-02
5.579250000000000043e-01 -8.334420225525576709e-02
5.595375000000001320e-01 -7.431145158255728078e-02
5.611500000000001487e-01 -6.662814739108383066e-02
5.627625000000000544e-01 -6.002631196545152314e-02
5.643749999999999600e-01 -5.430441243672520790e-02
5.659874999999999767e-01 -4.930802602137671770e-02
5.676000000000001044e-01 -4.491681892930672604e-02
5.692125000000001211e-01 -4.103559258877331750e-02
5.708250000000000268e-01 -3.758800380226160615e-02
5.724375000000000435e-01 -3.451207833409034031e-02
5.740499999999999492e-01 -3.175695063654979111e-02
5.756625000000001879e-01 -2.928045710562349191e-02
5.772750000000000936e-01 -2.704733354443434462e-02
5.788875000000001103e-01 -2.502784695423428130e-02
5.805000000000000160e-01 -2.319674405892513391e-02
5.821125000000000327e-01 -2.153243394377490211e-02
5.837250000000001604e-01 -2.001634580924702839e-02
5.853375000000001771e-01 -1.863241926042350297e-02
5.869500000000000828e-01 -1.736669595205017624e-02
5.885624999999999885e-01 -1.620698962672815352e-02
5.901750000000000052e-01 -1.514261719775584006e-02
5.917875000000001329e-01 -1.416417799871023606e-02
5.934000000000001496e-01 -1.326337118408476776e-02
5.950125000000000552e-01 -1.243284373140987956e-02
5.966250000000000719e-01 -1.166606306674888155e-02
5.982374999999999776e-01 -1.095720975051608752e-02
5.998500000000001053e-01 -1.030108657023653430e-02
6.014625000000001220e-01 -9.693041052730406310e-03
6.030750000000000277e-01 -9.128899272103861359e-03
6.046875000000000444e-01 -8.604908872094061550e-03
6.062999999999999501e-01 -8.117689986969208599e-03
6.079125000000001888e-01 -7.664192676743016887e-03
6.095250000000000945e-01 -7.241659965982043604e-03
6.111375000000000002e-01 -6.847595624325626511e-03
6.127500000000000169e-01 -6.479735951102903388e-03
6.143624999999999226e-01 -6.136025068999628740e-03
6.159750000000001613e-01 -5.814593188327938159e-03
6.175875000000001780e-01 -5.513737419763962630e-03
6.192000000000000837e-01 -5.231904853141830514e-03
6.208125000000001004e-01 -4.967677555327102215e-03
6.224250000000000060e-01 -4.719759274904557905e-03
6.240375000000001338e-01 -4.486963582292381042e-03
6.256500000000001505e-01 -4.268203355862904176e-03
6.272625000000000561e-01 -4.062481348914317308e-03
6.288750000000000728e-01 -3.868881810513930507e-03
6.304874999999999785e-01 -3.686562925692294518e-03
6.321000000000002172e-01 -3.514750098983979946e-03
6.337125000000001229e-01 -3.352729863140094160e-03
6.353250000000000286e-01 -3.199844444489469836e-03
6.369375000000000453e-01 -3.055486849603722063e-03
6.385499999999999510e-01 -2.919096438396118817e-03
6.401625000000001897e-01 -2.790154922898952991e-03
6.417750000000000954e-01 -2.668182772342846641e-03
6.433875000000001121e-01 -2.552735925520850484e-03
6.450000000000000178e-01 -2.443402845135588149e-03
6.466124999999999234e-01 -2.339801810663772949e-03
6.482250000000001622e-01 -2.241578495396653534e-03
6.498375000000001789e-01 -2.148403747621985271e-03
6.514500000000000846e-01 -2.059971570935711753e-03
6.530625000000001013e-01 -1.975997281446944046e-03
6.546750000000000069e-01 -1.896215838258260254e-03
6.562875000000002457e-01 -1.820380315473214741e-03
6.579000000000002624e-01 -1.748260502076379348e-03
6.595125000000001680e-01 -1.679641634084301722e-03
6.611250000000000737e-01 -1.614323199746296299e-03
6.627375000000000904e-01 -1.552117905489455111e-03
6.643500000000002181e-01 -1.492850674513159946e-03
6.659625000000001238e-01 -1.436357750420675771e-03
6.675750000000001405e-01 -1.382485873313633136e-03
6.691875000000000462e-01 -1.331091519936434577e-03
6.707999999999999519e-01 -1.282040197981845243e-03
6.724125000000001906e-01 -1.235205816575363387e-03
6.740250000000002073e-01 -1.190470092070323267e-03
6.756375000000001130e-01 -1.147721998274985446e-03
6.772500000000001297e-01 -1.106857255177871608e-03
6.788625000000000353e-01 -1.067777899209993797e-03
6.804750000000001631e-01 -1.030391800382372868e-03
6.820875000000000687e-01 -9.946123182835555146e-04
6.837000000000000854e-01 -9.603579173733733454e-04
6.853124999999999911e-01 -9.275517936296206632e-04
6.869250000000000078e-01 -8.961216243254794926e-04
6.885375000000002466e-01 -8.659992328241357309e-04
6.901500000000001522e-01 -8.371203226819908362e-04
6.917625000000001689e-01 -8.094242416369202111e-04
6.933750000000000746e-01 -7.828537514855545779e-04
6.949874999999999803e-01 -7.573547847406909535e-04
6.966000000000002190e-01 -7.328762775002069848e-04
6.982125000000002357e-01 -7.093699428267986797e-04
6.998250000000001414e-01 -6.867901665892680446e-04
7.014375000000001581e-01 -6.650937627216105437e-04
7.030500000000000638e-01 -6.442398717214257390e-04
7.046625000000001915e-01 -6.241898139773274182e-04
7.062750000000000972e-01 -6.049069631788251073e-04
7.078875000000001139e-01 -5.863565886258346061e-04
7.095000000000000195e-01 -5.685057973865719925e-04
7.111125000000000362e-01 -5.513233826278294246e-04
7.127250000000002750e-01 -5.347797406457042556e-04
7.143375000000001807e-01 -5.188467942017465761e-04
7.159500000000001974e-01 -5.034978618146397199e-04
7.175625000000001030e-01 -4.887076301140598966e-04
7.191750000000000087e-01 -4.744520272918410319e-04
7.207875000000001364e-01 -4.607081954353758847e-04
7.224000000000001531e-01 -4.474543898437336993e-04
7.240125000000000588e-01 -4.346699303034116122e-04
7.256249999999999645e-01 -4.223351585325024206e-04
7.272374999999999812e-01 -4.104313415732699409e-04
7.288500000000002199e-01 -3.989406667901108905e-04
7.304625000000001256e-01 -3.878461517123141114e-04
7.320750000000001423e-01 -3.771316275206610899e-04
7.336875000000000480e-01 -3.667816879086292000e-04
7.353000000000000647e-01 -3.567816522122640934e-04
7.369125000000003034e-01 -3.471174988235370320e-04
7.385250000000002091e-01 -3.377758793394749440e-04
7.401375000000002258e-01 -3.287440371105606728e-04
7.417500000000001315e-01 -3.200098124236423628e-04
7.433625000000000371e-01 -3.115615800572983846e-04
7.449750000000001648e-01 -3.033882604584070965e-04
7.465875000000001815e-01 -2.954792431581773713e-04
7.482000000000000872e-01 -2.878244073363631539e-04
7.498124999999999929e-01 -2.804140827539165553e-04
7.514250000000000096e-01 -2.732389994911011864e-04
7.530375000000002483e-01 -2.662903235964457277e-04
7.546500000000001540e-01 -2.595595782612981385e-04
7.562625000000001707e-01 -2.530386688791558107e-04
7.578750000000000764e-01 -2.467198361687848274e-04
7.594875000000000931e-01 -2.405956628257868745e-04
7.611000000000001098e-01 -2.346590340566226927e-04
7.627125000000001265e-01 -2.289031483440658184e-04
7.643250000000000322e-01 -2.233214835678640404e-04
7.659375000000000488e-01 -2.179077828514887794e-04
7.675499999999999545e-01 -2.126560472611550910e-04
7.691625000000001933e-01 -2.075605427241471158e-04
7.707750000000002100e-01 -2.026157490111057534e-04
7.723875000000001156e-01 -1.978163811937365337e-04
7.740000000000000213e-01 -1.931573713609963778e-04
7.756125000000000380e-01 -1.886338398281384371e-04
7.772250000000002768e-01 -1.842411287463188360e-04
7.788375000000001824e-01 -1.799747414786711684e-04
7.804500000000001991e-01 -1.758303650303827946e-04
7.820625000000001048e-01 -1.718038663021599665e-04
7.836750000000001215e-01 -1.678912663085275938e-04
7.852875000000001382e-01 -1.640887377172165298e-04
7.869000000000001549e-01 -1.603925993394481118e-04
7.885125000000000606e-01 -1.567993458208471655e-04
7.901250000000000773e-01 -1.533055455672547131e-04
7.917374999999999829e-01 -1.499079488529136527e-04
7.933500000000002217e-01 -1.466034119709868169e-04
7.949625000000002384e-01 -1.433889003077303752e-04
7.965750000000001441e-01 -1.402615122234638983e-04
7.981875000000000497e-01 -1.372184419438351652e-04
7.998000000000000664e-01 -1.342569846939078168e-04
8.014125000000003052e-01 -1.313745470892935653e-04
8.030250000000002109e-01 -1.285686191069448209e-04
8.046375000000002276e-01 -1.258368006992620944e-04
8.062500000000001332e-01 -1.231767556247338866e-04
8.078625000000001499e-01 -1.205862466460060826e-04
8.094750000000001666e-01 -1.180631311165424529e-04
8.110875000000001833e-01 -1.156052995661469691e-04
8.127000000000000890e-01 -1.132107665453547200e-04
8.143125000000001057e-01 -1.108775824540486718e-04
8.159250000000000114e-01 -1.086038905982944562e-04
8.175375000000002501e-01 -1.063878772910425421e-04
8.191500000000002668e-01 -1.042278180149523145e-04
8.207625000000001725e-01 -1.021220174699690841e-04
8.223750000000000782e-01 -1.000688690051817565e-04
8.239875000000000949e-01 -9.806681400795304912e-05
8.256000000000002226e-01 -9.611432259709402524e-05
8.272125000000001283e-01 -9.420994989134555864e-05
8.288250000000001450e-01 -9.235227330098341985e-05
8.304375000000000506e-01 -9.053995178676159600e-05
8.320499999999999563e-01 -8.877165683529120253e-05
8.336625000000001950e-01 -8.704611366689407311e-05
8.352750000000002117e-01 -8.536210167499742830e-05
8.368875000000001174e-01 -8.371843199634580041e-05
8.385000000000001341e-01 -8.211395135518906286e-05
8.401125000000000398e-01 -8.054754821126251807e-05
8.417250000000002785e-01 -7.901815866050970597e-05
8.433375000000002952e-01 -7.752472279618545113e-05
8.449500000000002009e-01 -7.606624446531463641e-05
8.465625000000001066e-01 -7.464176483773948031e-05
8.481750000000001233e-01 -7.325032638838661913e-05
8.497875000000002510e-01 -7.189101866466573987e-05
8.514000000000001567e-01 -7.056296695886687888e-05
8.530125000000001734e-01 -6.926530391619968303e-05
8.546250000000000790e-01 -6.799721243523005796e-05
8.562374999999999847e-01 -6.675788835517156754e-05
8.578500000000002235e-01 -6.554656019671106662e-05
8.594625000000002402e-01 -6.436246488430626687e-05
8.610750000000001458e-01 -6.320487740897677261e-05
8.626875000000001625e-01 -6.207309655423867137e-05
8.643000000000000682e-01 -6.096643430085328143e-05
8.659125000000001959e-01 -5.988423261960044628e-05
8.675250000000001016e-01 -5.882583245797131006e-05
8.691375000000001183e-01 -5.779063749206074106e-05
8.707500000000000240e-01 -5.677801743522786017e-05
8.723625000000000407e-01 -5.578739757298073519e-05
8.739750000000002794e-01 -5.481820334701301140e-05
8.755875000000001851e-01 -5.386988725980221168e-05
8.772000000000002018e-01 -5.294192374294049070e-05
8.788125000000001075e-01 -5.203377071897137194e-05
8.804250000000000131e-01 -5.114493854659099391e-05
8.820375000000002519e-01 -5.027493736494797046e-05
8.836500000000002686e-01 -4.942330365934832174e-05
8.852625000000001743e-01 -4.858954320389871010e-05
8.868750000000001910e-01 -4.777324980412654004e-05
8.884875000000000966e-01 -4.697395950476236523e-05
8.901000000000002244e-01 -4.619124886012401473e-05
8.917125000000001300e-01 -4.542473096730089322e-05
8.933250000000001467e-01 -4.467397946388378918e-05
8.949375000000000524e-01 -4.393863077685868855e-05
8.965500000000000691e-01 -4.321830453213435126e-05
8.981625000000003078e-01 -4.251262001453903414e-05
8.997750000000002135e-01 -4.182124523562151487e-05
9.013875000000002302e-01 -4.114381386485748126e-05
9.030000000000001359e-01 -4.048000597476932976e-05
